{"/Users/shimodasota/sistems/my-iss-tracker/src/App.tsx": {"path":"/Users/shimodasota/sistems/my-iss-tracker/src/App.tsx","statementMap":{"0":{"start":{"line":38,"column":6},"end":{"line":40,"column":null}},"1":{"start":{"line":39,"column":2},"end":{"line":40,"column":null}},"2":{"start":{"line":39,"column":67},"end":{"line":40,"column":null}},"3":{"start":{"line":41,"column":6},"end":{"line":43,"column":null}},"4":{"start":{"line":42,"column":2},"end":{"line":43,"column":null}},"5":{"start":{"line":42,"column":71},"end":{"line":43,"column":null}},"6":{"start":{"line":44,"column":6},"end":{"line":46,"column":null}},"7":{"start":{"line":45,"column":2},"end":{"line":46,"column":null}},"8":{"start":{"line":45,"column":70},"end":{"line":46,"column":null}},"9":{"start":{"line":53,"column":15},"end":{"line":53,"column":28}},"10":{"start":{"line":54,"column":2},"end":{"line":54,"column":null}},"11":{"start":{"line":54,"column":25},"end":{"line":54,"column":null}},"12":{"start":{"line":55,"column":2},"end":{"line":55,"column":null}},"13":{"start":{"line":62,"column":6},"end":{"line":175,"column":null}},"14":{"start":{"line":64,"column":19},"end":{"line":74,"column":4}},"15":{"start":{"line":78,"column":15},"end":{"line":80,"column":4}},"16":{"start":{"line":83,"column":8},"end":{"line":83,"column":66}},"17":{"start":{"line":86,"column":8},"end":{"line":86,"column":67}},"18":{"start":{"line":86,"column":37},"end":{"line":86,"column":62}},"19":{"start":{"line":87,"column":8},"end":{"line":87,"column":71}},"20":{"start":{"line":87,"column":39},"end":{"line":87,"column":66}},"21":{"start":{"line":88,"column":8},"end":{"line":88,"column":71}},"22":{"start":{"line":88,"column":38},"end":{"line":88,"column":66}},"23":{"start":{"line":89,"column":8},"end":{"line":89,"column":73}},"24":{"start":{"line":89,"column":41},"end":{"line":89,"column":68}},"25":{"start":{"line":91,"column":8},"end":{"line":93,"column":8}},"26":{"start":{"line":92,"column":4},"end":{"line":92,"column":null}},"27":{"start":{"line":92,"column":20},"end":{"line":92,"column":91}},"28":{"start":{"line":95,"column":8},"end":{"line":95,"column":37}},"29":{"start":{"line":105,"column":4},"end":{"line":106,"column":55}},"30":{"start":{"line":111,"column":2},"end":{"line":175,"column":null}}},"fnMap":{"0":{"name":"(anonymous_0)","decl":{"start":{"line":38,"column":25},"end":{"line":38,"column":null}},"loc":{"start":{"line":39,"column":2},"end":{"line":40,"column":null}},"line":39},"1":{"name":"(anonymous_1)","decl":{"start":{"line":39,"column":58},"end":{"line":39,"column":67}},"loc":{"start":{"line":39,"column":67},"end":{"line":40,"column":null}},"line":39},"2":{"name":"(anonymous_2)","decl":{"start":{"line":41,"column":29},"end":{"line":41,"column":null}},"loc":{"start":{"line":42,"column":2},"end":{"line":43,"column":null}},"line":42},"3":{"name":"(anonymous_3)","decl":{"start":{"line":42,"column":62},"end":{"line":42,"column":71}},"loc":{"start":{"line":42,"column":71},"end":{"line":43,"column":null}},"line":42},"4":{"name":"(anonymous_4)","decl":{"start":{"line":44,"column":28},"end":{"line":44,"column":null}},"loc":{"start":{"line":45,"column":2},"end":{"line":46,"column":null}},"line":45},"5":{"name":"(anonymous_5)","decl":{"start":{"line":45,"column":61},"end":{"line":45,"column":70}},"loc":{"start":{"line":45,"column":70},"end":{"line":46,"column":null}},"line":45},"6":{"name":"unshiftAndTrim","decl":{"start":{"line":52,"column":9},"end":{"line":52,"column":27}},"loc":{"start":{"line":52,"column":63},"end":{"line":55,"column":null}},"line":52},"7":{"name":"(anonymous_7)","decl":{"start":{"line":62,"column":6},"end":{"line":62,"column":28}},"loc":{"start":{"line":62,"column":28},"end":{"line":175,"column":null}},"line":62},"8":{"name":"(anonymous_8)","decl":{"start":{"line":86,"column":23},"end":{"line":86,"column":37}},"loc":{"start":{"line":86,"column":37},"end":{"line":86,"column":62}},"line":86},"9":{"name":"(anonymous_9)","decl":{"start":{"line":87,"column":25},"end":{"line":87,"column":39}},"loc":{"start":{"line":87,"column":39},"end":{"line":87,"column":66}},"line":87},"10":{"name":"(anonymous_10)","decl":{"start":{"line":88,"column":24},"end":{"line":88,"column":38}},"loc":{"start":{"line":88,"column":38},"end":{"line":88,"column":66}},"line":88},"11":{"name":"(anonymous_11)","decl":{"start":{"line":89,"column":27},"end":{"line":89,"column":41}},"loc":{"start":{"line":89,"column":41},"end":{"line":89,"column":68}},"line":89},"12":{"name":"(anonymous_12)","decl":{"start":{"line":91,"column":23},"end":{"line":91,"column":36}},"loc":{"start":{"line":91,"column":77},"end":{"line":93,"column":7}},"line":91},"13":{"name":"(anonymous_13)","decl":{"start":{"line":92,"column":4},"end":{"line":92,"column":12}},"loc":{"start":{"line":92,"column":20},"end":{"line":92,"column":91}},"line":92}},"branchMap":{"0":{"loc":{"start":{"line":54,"column":2},"end":{"line":54,"column":null}},"type":"if","locations":[{"start":{"line":54,"column":2},"end":{"line":54,"column":null}},{"start":{},"end":{}}],"line":54},"1":{"loc":{"start":{"line":120,"column":7},"end":{"line":120,"column":null}},"type":"binary-expr","locations":[{"start":{"line":120,"column":7},"end":{"line":120,"column":19}},{"start":{"line":120,"column":19},"end":{"line":120,"column":41}},{"start":{"line":120,"column":41},"end":{"line":120,"column":null}}],"line":120},"2":{"loc":{"start":{"line":124,"column":9},"end":{"line":124,"column":null}},"type":"binary-expr","locations":[{"start":{"line":124,"column":9},"end":{"line":124,"column":34}},{"start":{"line":124,"column":34},"end":{"line":124,"column":null}}],"line":124},"3":{"loc":{"start":{"line":125,"column":9},"end":{"line":126,"column":null}},"type":"binary-expr","locations":[{"start":{"line":125,"column":9},"end":{"line":125,"column":null}},{"start":{"line":126,"column":10},"end":{"line":126,"column":null}}],"line":125},"4":{"loc":{"start":{"line":128,"column":9},"end":{"line":128,"column":null}},"type":"binary-expr","locations":[{"start":{"line":128,"column":9},"end":{"line":128,"column":33}},{"start":{"line":128,"column":33},"end":{"line":128,"column":null}}],"line":128},"5":{"loc":{"start":{"line":132,"column":7},"end":{"line":132,"column":null}},"type":"binary-expr","locations":[{"start":{"line":132,"column":7},"end":{"line":132,"column":29}},{"start":{"line":132,"column":29},"end":{"line":132,"column":null}}],"line":132},"6":{"loc":{"start":{"line":144,"column":9},"end":{"line":145,"column":null}},"type":"binary-expr","locations":[{"start":{"line":144,"column":9},"end":{"line":144,"column":null}},{"start":{"line":145,"column":10},"end":{"line":145,"column":null}}],"line":144},"7":{"loc":{"start":{"line":148,"column":9},"end":{"line":156,"column":null}},"type":"binary-expr","locations":[{"start":{"line":148,"column":9},"end":{"line":148,"column":null}},{"start":{"line":149,"column":10},"end":{"line":156,"column":null}}],"line":148},"8":{"loc":{"start":{"line":159,"column":9},"end":{"line":175,"column":null}},"type":"binary-expr","locations":[{"start":{"line":159,"column":9},"end":{"line":159,"column":null}},{"start":{"line":160,"column":10},"end":{"line":175,"column":null}}],"line":159},"9":{"loc":{"start":{"line":163,"column":21},"end":{"line":163,"column":null}},"type":"cond-expr","locations":[{"start":{"line":163,"column":29},"end":{"line":163,"column":42}},{"start":{"line":163,"column":42},"end":{"line":163,"column":null}}],"line":163},"10":{"loc":{"start":{"line":167,"column":13},"end":{"line":175,"column":null}},"type":"binary-expr","locations":[{"start":{"line":167,"column":13},"end":{"line":167,"column":null}},{"start":{"line":168,"column":14},"end":{"line":175,"column":null}}],"line":167}},"s":{"0":0,"1":0,"2":0,"3":0,"4":0,"5":0,"6":0,"7":0,"8":0,"9":0,"10":0,"11":0,"12":0,"13":0,"14":0,"15":0,"16":0,"17":0,"18":0,"19":0,"20":0,"21":0,"22":0,"23":0,"24":0,"25":0,"26":0,"27":0,"28":0,"29":0,"30":0},"f":{"0":0,"1":0,"2":0,"3":0,"4":0,"5":0,"6":0,"7":0,"8":0,"9":0,"10":0,"11":0,"12":0,"13":0},"b":{"0":[0,0],"1":[0,0,0],"2":[0,0],"3":[0,0],"4":[0,0],"5":[0,0],"6":[0,0],"7":[0,0],"8":[0,0],"9":[0,0],"10":[0,0]},"meta":{"lastBranch":11,"lastFunction":14,"lastStatement":31,"seen":{"s:38:6:40:Infinity":0,"f:38:25:38:Infinity":0,"s:39:2:40:Infinity":1,"f:39:58:39:67":1,"s:39:67:40:Infinity":2,"s:41:6:43:Infinity":3,"f:41:29:41:Infinity":2,"s:42:2:43:Infinity":4,"f:42:62:42:71":3,"s:42:71:43:Infinity":5,"s:44:6:46:Infinity":6,"f:44:28:44:Infinity":4,"s:45:2:46:Infinity":7,"f:45:61:45:70":5,"s:45:70:46:Infinity":8,"f:52:9:52:27":6,"s:53:15:53:28":9,"b:54:2:54:Infinity:undefined:undefined:undefined:undefined":0,"s:54:2:54:Infinity":10,"s:54:25:54:Infinity":11,"s:55:2:55:Infinity":12,"s:62:6:175:Infinity":13,"f:62:6:62:28":7,"s:64:19:74:4":14,"s:78:15:80:4":15,"s:83:8:83:66":16,"s:86:8:86:67":17,"f:86:23:86:37":8,"s:86:37:86:62":18,"s:87:8:87:71":19,"f:87:25:87:39":9,"s:87:39:87:66":20,"s:88:8:88:71":21,"f:88:24:88:38":10,"s:88:38:88:66":22,"s:89:8:89:73":23,"f:89:27:89:41":11,"s:89:41:89:68":24,"s:91:8:93:8":25,"f:91:23:91:36":12,"s:92:4:92:Infinity":26,"f:92:4:92:12":13,"s:92:20:92:91":27,"s:95:8:95:37":28,"s:105:4:106:55":29,"s:111:2:175:Infinity":30,"b:120:7:120:19:120:19:120:41:120:41:120:Infinity":1,"b:124:9:124:34:124:34:124:Infinity":2,"b:125:9:125:Infinity:126:10:126:Infinity":3,"b:128:9:128:33:128:33:128:Infinity":4,"b:132:7:132:29:132:29:132:Infinity":5,"b:144:9:144:Infinity:145:10:145:Infinity":6,"b:148:9:148:Infinity:149:10:156:Infinity":7,"b:159:9:159:Infinity:160:10:175:Infinity":8,"b:163:29:163:42:163:42:163:Infinity":9,"b:167:13:167:Infinity:168:14:175:Infinity":10}}}
,"/Users/shimodasota/sistems/my-iss-tracker/src/components/EventLogPanel.tsx": {"path":"/Users/shimodasota/sistems/my-iss-tracker/src/components/EventLogPanel.tsx","statementMap":{"0":{"start":{"line":22,"column":61},"end":{"line":80,"column":null}},"1":{"start":{"line":24,"column":8},"end":{"line":30,"column":null}},"2":{"start":{"line":25,"column":11},"end":{"line":29,"column":null}},"3":{"start":{"line":33,"column":2},"end":{"line":77,"column":null}},"4":{"start":{"line":65,"column":24},"end":{"line":65,"column":null}},"5":{"start":{"line":67,"column":10},"end":{"line":74,"column":null}}},"fnMap":{"0":{"name":"EventLogPanel","decl":{"start":{"line":22,"column":81},"end":{"line":22,"column":95}},"loc":{"start":{"line":22,"column":105},"end":{"line":80,"column":null}},"line":22},"1":{"name":"(anonymous_1)","decl":{"start":{"line":24,"column":19},"end":{"line":24,"column":null}},"loc":{"start":{"line":25,"column":11},"end":{"line":29,"column":null}},"line":25},"2":{"name":"(anonymous_2)","decl":{"start":{"line":64,"column":14},"end":{"line":64,"column":19}},"loc":{"start":{"line":64,"column":27},"end":{"line":74,"column":null}},"line":64}},"branchMap":{"0":{"loc":{"start":{"line":65,"column":24},"end":{"line":65,"column":null}},"type":"binary-expr","locations":[{"start":{"line":65,"column":24},"end":{"line":65,"column":46}},{"start":{"line":65,"column":46},"end":{"line":65,"column":null}}],"line":65}},"s":{"0":0,"1":0,"2":0,"3":0,"4":0,"5":0},"f":{"0":0,"1":0,"2":0},"b":{"0":[0,0]},"meta":{"lastBranch":1,"lastFunction":3,"lastStatement":6,"seen":{"s:22:61:80:Infinity":0,"f:22:81:22:95":0,"s:24:8:30:Infinity":1,"f:24:19:24:Infinity":1,"s:25:11:29:Infinity":2,"s:33:2:77:Infinity":3,"f:64:14:64:19":2,"s:65:24:65:Infinity":4,"b:65:24:65:46:65:46:65:Infinity":0,"s:67:10:74:Infinity":5}}}
,"/Users/shimodasota/sistems/my-iss-tracker/src/components/index.ts": {"path":"/Users/shimodasota/sistems/my-iss-tracker/src/components/index.ts","statementMap":{},"fnMap":{},"branchMap":{},"s":{},"f":{},"b":{},"meta":{"lastBranch":0,"lastFunction":0,"lastStatement":0,"seen":{}}}
,"/Users/shimodasota/sistems/my-iss-tracker/src/components/layers/index.ts": {"path":"/Users/shimodasota/sistems/my-iss-tracker/src/components/layers/index.ts","statementMap":{},"fnMap":{},"branchMap":{},"s":{},"f":{},"b":{},"meta":{"lastBranch":0,"lastFunction":0,"lastStatement":0,"seen":{}}}
,"/Users/shimodasota/sistems/my-iss-tracker/src/components/layers/GroundStationLayer/GroundStationLayer.tsx": {"path":"/Users/shimodasota/sistems/my-iss-tracker/src/components/layers/GroundStationLayer/GroundStationLayer.tsx","statementMap":{"0":{"start":{"line":33,"column":51},"end":{"line":123,"column":null}},"1":{"start":{"line":36,"column":10},"end":{"line":36,"column":70}},"2":{"start":{"line":36,"column":40},"end":{"line":36,"column":65}},"3":{"start":{"line":37,"column":10},"end":{"line":37,"column":55}},"4":{"start":{"line":37,"column":39},"end":{"line":37,"column":52}},"5":{"start":{"line":40,"column":10},"end":{"line":47,"column":null}},"6":{"start":{"line":41,"column":13},"end":{"line":46,"column":null}},"7":{"start":{"line":49,"column":10},"end":{"line":50,"column":null}},"8":{"start":{"line":50,"column":7},"end":{"line":50,"column":null}},"9":{"start":{"line":53,"column":10},"end":{"line":60,"column":10}},"10":{"start":{"line":54,"column":16},"end":{"line":54,"column":45}},"11":{"start":{"line":55,"column":6},"end":{"line":57,"column":null}},"12":{"start":{"line":56,"column":21},"end":{"line":56,"column":null}},"13":{"start":{"line":57,"column":8},"end":{"line":57,"column":null}},"14":{"start":{"line":59,"column":6},"end":{"line":59,"column":null}},"15":{"start":{"line":62,"column":4},"end":{"line":116,"column":null}},"16":{"start":{"line":66,"column":20},"end":{"line":66,"column":null}},"17":{"start":{"line":67,"column":22},"end":{"line":67,"column":46}},"18":{"start":{"line":70,"column":29},"end":{"line":70,"column":81}},"19":{"start":{"line":73,"column":28},"end":{"line":75,"column":null}},"20":{"start":{"line":77,"column":10},"end":{"line":96,"column":null}},"21":{"start":{"line":103,"column":22},"end":{"line":103,"column":null}},"22":{"start":{"line":104,"column":12},"end":{"line":104,"column":null}},"23":{"start":{"line":104,"column":27},"end":{"line":104,"column":null}},"24":{"start":{"line":105,"column":24},"end":{"line":105,"column":48}},"25":{"start":{"line":106,"column":12},"end":{"line":113,"column":null}},"26":{"start":{"line":121,"column":4},"end":{"line":122,"column":null}}},"fnMap":{"0":{"name":"GroundStationLayer","decl":{"start":{"line":34,"column":11},"end":{"line":34,"column":30}},"loc":{"start":{"line":34,"column":59},"end":{"line":116,"column":null}},"line":34},"1":{"name":"(anonymous_1)","decl":{"start":{"line":36,"column":26},"end":{"line":36,"column":40}},"loc":{"start":{"line":36,"column":40},"end":{"line":36,"column":65}},"line":36},"2":{"name":"(anonymous_2)","decl":{"start":{"line":37,"column":25},"end":{"line":37,"column":39}},"loc":{"start":{"line":37,"column":39},"end":{"line":37,"column":52}},"line":37},"3":{"name":"(anonymous_3)","decl":{"start":{"line":40,"column":27},"end":{"line":40,"column":null}},"loc":{"start":{"line":41,"column":13},"end":{"line":46,"column":null}},"line":41},"4":{"name":"(anonymous_4)","decl":{"start":{"line":49,"column":10},"end":{"line":49,"column":28}},"loc":{"start":{"line":50,"column":7},"end":{"line":50,"column":null}},"line":50},"5":{"name":"(anonymous_5)","decl":{"start":{"line":53,"column":26},"end":{"line":53,"column":40}},"loc":{"start":{"line":53,"column":40},"end":{"line":60,"column":9}},"line":53},"6":{"name":"(anonymous_6)","decl":{"start":{"line":65,"column":18},"end":{"line":65,"column":23}},"loc":{"start":{"line":65,"column":30},"end":{"line":98,"column":null}},"line":65},"7":{"name":"(anonymous_7)","decl":{"start":{"line":102,"column":19},"end":{"line":102,"column":24}},"loc":{"start":{"line":102,"column":31},"end":{"line":115,"column":null}},"line":102},"8":{"name":"(anonymous_8)","decl":{"start":{"line":120,"column":3},"end":{"line":120,"column":9}},"loc":{"start":{"line":121,"column":4},"end":{"line":122,"column":null}},"line":121}},"branchMap":{"0":{"loc":{"start":{"line":50,"column":7},"end":{"line":50,"column":null}},"type":"binary-expr","locations":[{"start":{"line":50,"column":7},"end":{"line":50,"column":59}},{"start":{"line":50,"column":59},"end":{"line":50,"column":null}}],"line":50},"1":{"loc":{"start":{"line":56,"column":21},"end":{"line":56,"column":null}},"type":"binary-expr","locations":[{"start":{"line":56,"column":21},"end":{"line":56,"column":35}},{"start":{"line":56,"column":35},"end":{"line":56,"column":null}}],"line":56},"2":{"loc":{"start":{"line":70,"column":29},"end":{"line":70,"column":81}},"type":"cond-expr","locations":[{"start":{"line":70,"column":40},"end":{"line":70,"column":56}},{"start":{"line":70,"column":56},"end":{"line":70,"column":81}}],"line":70},"3":{"loc":{"start":{"line":73,"column":28},"end":{"line":75,"column":null}},"type":"cond-expr","locations":[{"start":{"line":74,"column":14},"end":{"line":74,"column":null}},{"start":{"line":75,"column":14},"end":{"line":75,"column":null}}],"line":73},"4":{"loc":{"start":{"line":101,"column":9},"end":{"line":115,"column":null}},"type":"binary-expr","locations":[{"start":{"line":101,"column":9},"end":{"line":101,"column":null}},{"start":{"line":102,"column":10},"end":{"line":115,"column":null}}],"line":101},"5":{"loc":{"start":{"line":104,"column":12},"end":{"line":104,"column":null}},"type":"if","locations":[{"start":{"line":104,"column":12},"end":{"line":104,"column":null}},{"start":{},"end":{}}],"line":104},"6":{"loc":{"start":{"line":121,"column":4},"end":{"line":122,"column":null}},"type":"binary-expr","locations":[{"start":{"line":121,"column":4},"end":{"line":121,"column":null}},{"start":{"line":122,"column":4},"end":{"line":122,"column":null}}],"line":121}},"s":{"0":0,"1":0,"2":0,"3":0,"4":0,"5":0,"6":0,"7":0,"8":0,"9":0,"10":0,"11":0,"12":0,"13":0,"14":0,"15":0,"16":0,"17":0,"18":0,"19":0,"20":0,"21":0,"22":0,"23":0,"24":0,"25":0,"26":0},"f":{"0":0,"1":0,"2":0,"3":0,"4":0,"5":0,"6":0,"7":0,"8":0},"b":{"0":[0,0],"1":[0,0],"2":[0,0],"3":[0,0],"4":[0,0],"5":[0,0],"6":[0,0]},"meta":{"lastBranch":7,"lastFunction":9,"lastStatement":27,"seen":{"s:33:51:123:Infinity":0,"f:34:11:34:30":0,"s:36:10:36:70":1,"f:36:26:36:40":1,"s:36:40:36:65":2,"s:37:10:37:55":3,"f:37:25:37:39":2,"s:37:39:37:52":4,"s:40:10:47:Infinity":5,"f:40:27:40:Infinity":3,"s:41:13:46:Infinity":6,"s:49:10:50:Infinity":7,"f:49:10:49:28":4,"s:50:7:50:Infinity":8,"b:50:7:50:59:50:59:50:Infinity":0,"s:53:10:60:10":9,"f:53:26:53:40":5,"s:54:16:54:45":10,"s:55:6:57:Infinity":11,"s:56:21:56:Infinity":12,"b:56:21:56:35:56:35:56:Infinity":1,"s:57:8:57:Infinity":13,"s:59:6:59:Infinity":14,"s:62:4:116:Infinity":15,"f:65:18:65:23":6,"s:66:20:66:Infinity":16,"s:67:22:67:46":17,"s:70:29:70:81":18,"b:70:40:70:56:70:56:70:81":2,"s:73:28:75:Infinity":19,"b:74:14:74:Infinity:75:14:75:Infinity":3,"s:77:10:96:Infinity":20,"b:101:9:101:Infinity:102:10:115:Infinity":4,"f:102:19:102:24":7,"s:103:22:103:Infinity":21,"b:104:12:104:Infinity:undefined:undefined:undefined:undefined":5,"s:104:12:104:Infinity":22,"s:104:27:104:Infinity":23,"s:105:24:105:48":24,"s:106:12:113:Infinity":25,"f:120:3:120:9":8,"s:121:4:122:Infinity":26,"b:121:4:121:Infinity:122:4:122:Infinity":6}}}
,"/Users/shimodasota/sistems/my-iss-tracker/src/components/layers/GroundStationLayer/index.ts": {"path":"/Users/shimodasota/sistems/my-iss-tracker/src/components/layers/GroundStationLayer/index.ts","statementMap":{},"fnMap":{},"branchMap":{},"s":{},"f":{},"b":{},"meta":{"lastBranch":0,"lastFunction":0,"lastStatement":0,"seen":{}}}
,"/Users/shimodasota/sistems/my-iss-tracker/src/components/panels/index.ts": {"path":"/Users/shimodasota/sistems/my-iss-tracker/src/components/panels/index.ts","statementMap":{},"fnMap":{},"branchMap":{},"s":{},"f":{},"b":{},"meta":{"lastBranch":0,"lastFunction":0,"lastStatement":0,"seen":{}}}
,"/Users/shimodasota/sistems/my-iss-tracker/src/components/panels/ConfigPanel/ConfigPanel.tsx": {"path":"/Users/shimodasota/sistems/my-iss-tracker/src/components/panels/ConfigPanel/ConfigPanel.tsx","statementMap":{"0":{"start":{"line":36,"column":13},"end":{"line":165,"column":null}},"1":{"start":{"line":41,"column":8},"end":{"line":45,"column":7}},"2":{"start":{"line":42,"column":4},"end":{"line":45,"column":7}},"3":{"start":{"line":42,"column":24},"end":{"line":45,"column":7}},"4":{"start":{"line":48,"column":8},"end":{"line":53,"column":null}},"5":{"start":{"line":49,"column":20},"end":{"line":51,"column":null}},"6":{"start":{"line":53,"column":4},"end":{"line":53,"column":null}},"7":{"start":{"line":53,"column":24},"end":{"line":53,"column":67}},"8":{"start":{"line":56,"column":2},"end":{"line":165,"column":null}},"9":{"start":{"line":82,"column":26},"end":{"line":82,"column":null}},"10":{"start":{"line":90,"column":26},"end":{"line":90,"column":null}},"11":{"start":{"line":98,"column":26},"end":{"line":98,"column":null}},"12":{"start":{"line":111,"column":26},"end":{"line":111,"column":null}},"13":{"start":{"line":119,"column":26},"end":{"line":119,"column":null}},"14":{"start":{"line":127,"column":26},"end":{"line":127,"column":null}},"15":{"start":{"line":135,"column":26},"end":{"line":135,"column":null}},"16":{"start":{"line":143,"column":26},"end":{"line":143,"column":null}},"17":{"start":{"line":159,"column":29},"end":{"line":159,"column":61}}},"fnMap":{"0":{"name":"(anonymous_0)","decl":{"start":{"line":36,"column":13},"end":{"line":36,"column":null}},"loc":{"start":{"line":39,"column":36},"end":{"line":165,"column":null}},"line":39},"1":{"name":"(anonymous_1)","decl":{"start":{"line":41,"column":8},"end":{"line":41,"column":46}},"loc":{"start":{"line":42,"column":4},"end":{"line":45,"column":7}},"line":42},"2":{"name":"(anonymous_2)","decl":{"start":{"line":42,"column":4},"end":{"line":42,"column":17}},"loc":{"start":{"line":42,"column":24},"end":{"line":45,"column":7}},"line":42},"3":{"name":"(anonymous_3)","decl":{"start":{"line":48,"column":8},"end":{"line":48,"column":20}},"loc":{"start":{"line":48,"column":34},"end":{"line":53,"column":null}},"line":48},"4":{"name":"(anonymous_4)","decl":{"start":{"line":53,"column":4},"end":{"line":53,"column":17}},"loc":{"start":{"line":53,"column":24},"end":{"line":53,"column":67}},"line":53},"5":{"name":"(anonymous_5)","decl":{"start":{"line":82,"column":10},"end":{"line":82,"column":26}},"loc":{"start":{"line":82,"column":26},"end":{"line":82,"column":null}},"line":82},"6":{"name":"(anonymous_6)","decl":{"start":{"line":90,"column":10},"end":{"line":90,"column":26}},"loc":{"start":{"line":90,"column":26},"end":{"line":90,"column":null}},"line":90},"7":{"name":"(anonymous_7)","decl":{"start":{"line":98,"column":10},"end":{"line":98,"column":26}},"loc":{"start":{"line":98,"column":26},"end":{"line":98,"column":null}},"line":98},"8":{"name":"(anonymous_8)","decl":{"start":{"line":111,"column":10},"end":{"line":111,"column":26}},"loc":{"start":{"line":111,"column":26},"end":{"line":111,"column":null}},"line":111},"9":{"name":"(anonymous_9)","decl":{"start":{"line":119,"column":10},"end":{"line":119,"column":26}},"loc":{"start":{"line":119,"column":26},"end":{"line":119,"column":null}},"line":119},"10":{"name":"(anonymous_10)","decl":{"start":{"line":127,"column":10},"end":{"line":127,"column":26}},"loc":{"start":{"line":127,"column":26},"end":{"line":127,"column":null}},"line":127},"11":{"name":"(anonymous_11)","decl":{"start":{"line":135,"column":10},"end":{"line":135,"column":26}},"loc":{"start":{"line":135,"column":26},"end":{"line":135,"column":null}},"line":135},"12":{"name":"(anonymous_12)","decl":{"start":{"line":143,"column":10},"end":{"line":143,"column":26}},"loc":{"start":{"line":143,"column":26},"end":{"line":143,"column":null}},"line":143},"13":{"name":"(anonymous_13)","decl":{"start":{"line":159,"column":12},"end":{"line":159,"column":23}},"loc":{"start":{"line":159,"column":29},"end":{"line":159,"column":61}},"line":159}},"branchMap":{"0":{"loc":{"start":{"line":44,"column":13},"end":{"line":44,"column":null}},"type":"cond-expr","locations":[{"start":{"line":44,"column":43},"end":{"line":44,"column":53}},{"start":{"line":44,"column":53},"end":{"line":44,"column":null}}],"line":44},"1":{"loc":{"start":{"line":149,"column":7},"end":{"line":165,"column":null}},"type":"binary-expr","locations":[{"start":{"line":149,"column":7},"end":{"line":149,"column":null}},{"start":{"line":150,"column":8},"end":{"line":165,"column":null}}],"line":149}},"s":{"0":1,"1":2,"2":1,"3":1,"4":2,"5":1,"6":1,"7":1,"8":2,"9":1,"10":0,"11":0,"12":0,"13":0,"14":0,"15":0,"16":0,"17":1},"f":{"0":2,"1":1,"2":1,"3":1,"4":1,"5":1,"6":0,"7":0,"8":0,"9":0,"10":0,"11":0,"12":0,"13":1},"b":{"0":[1,0],"1":[2,1]},"meta":{"lastBranch":2,"lastFunction":14,"lastStatement":18,"seen":{"s:36:13:165:Infinity":0,"f:36:13:36:Infinity":0,"s:41:8:45:7":1,"f:41:8:41:46":1,"s:42:4:45:7":2,"f:42:4:42:17":2,"s:42:24:45:7":3,"b:44:43:44:53:44:53:44:Infinity":0,"s:48:8:53:Infinity":4,"f:48:8:48:20":3,"s:49:20:51:Infinity":5,"s:53:4:53:Infinity":6,"f:53:4:53:17":4,"s:53:24:53:67":7,"s:56:2:165:Infinity":8,"f:82:10:82:26":5,"s:82:26:82:Infinity":9,"f:90:10:90:26":6,"s:90:26:90:Infinity":10,"f:98:10:98:26":7,"s:98:26:98:Infinity":11,"f:111:10:111:26":8,"s:111:26:111:Infinity":12,"f:119:10:119:26":9,"s:119:26:119:Infinity":13,"f:127:10:127:26":10,"s:127:26:127:Infinity":14,"f:135:10:135:26":11,"s:135:26:135:Infinity":15,"f:143:10:143:26":12,"s:143:26:143:Infinity":16,"b:149:7:149:Infinity:150:8:165:Infinity":1,"f:159:12:159:23":13,"s:159:29:159:61":17}}}
,"/Users/shimodasota/sistems/my-iss-tracker/src/components/panels/ConfigPanel/index.ts": {"path":"/Users/shimodasota/sistems/my-iss-tracker/src/components/panels/ConfigPanel/index.ts","statementMap":{},"fnMap":{},"branchMap":{},"s":{},"f":{},"b":{},"meta":{"lastBranch":0,"lastFunction":0,"lastStatement":0,"seen":{}}}
,"/Users/shimodasota/sistems/my-iss-tracker/src/components/panels/Dashboard/Dashboard.tsx": {"path":"/Users/shimodasota/sistems/my-iss-tracker/src/components/panels/Dashboard/Dashboard.tsx","statementMap":{"0":{"start":{"line":22,"column":13},"end":{"line":80,"column":null}},"1":{"start":{"line":24,"column":14},"end":{"line":29,"column":null}},"2":{"start":{"line":25,"column":12},"end":{"line":25,"column":66}},"3":{"start":{"line":26,"column":12},"end":{"line":26,"column":64}},"4":{"start":{"line":27,"column":12},"end":{"line":27,"column":68}},"5":{"start":{"line":28,"column":12},"end":{"line":28,"column":null}},"6":{"start":{"line":31,"column":2},"end":{"line":80,"column":null}}},"fnMap":{"0":{"name":"(anonymous_0)","decl":{"start":{"line":22,"column":13},"end":{"line":22,"column":57}},"loc":{"start":{"line":22,"column":71},"end":{"line":80,"column":null}},"line":22},"1":{"name":"(anonymous_1)","decl":{"start":{"line":25,"column":4},"end":{"line":25,"column":12}},"loc":{"start":{"line":25,"column":12},"end":{"line":25,"column":66}},"line":25},"2":{"name":"(anonymous_2)","decl":{"start":{"line":26,"column":4},"end":{"line":26,"column":12}},"loc":{"start":{"line":26,"column":12},"end":{"line":26,"column":64}},"line":26},"3":{"name":"(anonymous_3)","decl":{"start":{"line":27,"column":4},"end":{"line":27,"column":12}},"loc":{"start":{"line":27,"column":12},"end":{"line":27,"column":68}},"line":27},"4":{"name":"(anonymous_4)","decl":{"start":{"line":28,"column":4},"end":{"line":28,"column":12}},"loc":{"start":{"line":28,"column":12},"end":{"line":28,"column":null}},"line":28}},"branchMap":{},"s":{"0":1,"1":1,"2":1,"3":1,"4":1,"5":1,"6":1},"f":{"0":1,"1":1,"2":1,"3":1,"4":1},"b":{},"meta":{"lastBranch":0,"lastFunction":5,"lastStatement":7,"seen":{"s:22:13:80:Infinity":0,"f:22:13:22:57":0,"s:24:14:29:Infinity":1,"f:25:4:25:12":1,"s:25:12:25:66":2,"f:26:4:26:12":2,"s:26:12:26:64":3,"f:27:4:27:12":3,"s:27:12:27:68":4,"f:28:4:28:12":4,"s:28:12:28:Infinity":5,"s:31:2:80:Infinity":6}}}
,"/Users/shimodasota/sistems/my-iss-tracker/src/components/panels/Dashboard/index.ts": {"path":"/Users/shimodasota/sistems/my-iss-tracker/src/components/panels/Dashboard/index.ts","statementMap":{},"fnMap":{},"branchMap":{},"s":{},"f":{},"b":{},"meta":{"lastBranch":0,"lastFunction":0,"lastStatement":0,"seen":{}}}
,"/Users/shimodasota/sistems/my-iss-tracker/src/components/panels/StationBoard/StationBoard.tsx": {"path":"/Users/shimodasota/sistems/my-iss-tracker/src/components/panels/StationBoard/StationBoard.tsx","statementMap":{"0":{"start":{"line":27,"column":5},"end":{"line":101,"column":null}},"1":{"start":{"line":28,"column":8},"end":{"line":28,"column":72}},"2":{"start":{"line":30,"column":2},"end":{"line":95,"column":null}},"3":{"start":{"line":79,"column":12},"end":{"line":95,"column":null}}},"fnMap":{"0":{"name":"StationBoard","decl":{"start":{"line":27,"column":25},"end":{"line":27,"column":38}},"loc":{"start":{"line":27,"column":59},"end":{"line":101,"column":null}},"line":27},"1":{"name":"(anonymous_1)","decl":{"start":{"line":78,"column":16},"end":{"line":78,"column":21}},"loc":{"start":{"line":79,"column":12},"end":{"line":95,"column":null}},"line":79}},"branchMap":{"0":{"loc":{"start":{"line":60,"column":7},"end":{"line":95,"column":null}},"type":"cond-expr","locations":[{"start":{"line":61,"column":8},"end":{"line":63,"column":9}},{"start":{"line":63,"column":8},"end":{"line":95,"column":null}}],"line":60},"1":{"loc":{"start":{"line":86,"column":25},"end":{"line":86,"column":null}},"type":"cond-expr","locations":[{"start":{"line":86,"column":35},"end":{"line":86,"column":47}},{"start":{"line":86,"column":47},"end":{"line":86,"column":null}}],"line":86},"2":{"loc":{"start":{"line":90,"column":17},"end":{"line":90,"column":null}},"type":"cond-expr","locations":[{"start":{"line":90,"column":27},"end":{"line":90,"column":35}},{"start":{"line":90,"column":35},"end":{"line":90,"column":null}}],"line":90}},"s":{"0":0,"1":0,"2":0,"3":0},"f":{"0":0,"1":0},"b":{"0":[0,0],"1":[0,0],"2":[0,0]},"meta":{"lastBranch":3,"lastFunction":2,"lastStatement":4,"seen":{"s:27:5:101:Infinity":0,"f:27:25:27:38":0,"s:28:8:28:72":1,"s:30:2:95:Infinity":2,"b:61:8:63:9:63:8:95:Infinity":0,"f:78:16:78:21":1,"s:79:12:95:Infinity":3,"b:86:35:86:47:86:47:86:Infinity":1,"b:90:27:90:35:90:35:90:Infinity":2}}}
,"/Users/shimodasota/sistems/my-iss-tracker/src/components/panels/StationBoard/index.ts": {"path":"/Users/shimodasota/sistems/my-iss-tracker/src/components/panels/StationBoard/index.ts","statementMap":{},"fnMap":{},"branchMap":{},"s":{},"f":{},"b":{},"meta":{"lastBranch":0,"lastFunction":0,"lastStatement":0,"seen":{}}}
,"/Users/shimodasota/sistems/my-iss-tracker/src/components/panels/StationLogsPanel/StationLogsPanel.tsx": {"path":"/Users/shimodasota/sistems/my-iss-tracker/src/components/panels/StationLogsPanel/StationLogsPanel.tsx","statementMap":{"0":{"start":{"line":25,"column":13},"end":{"line":130,"column":null}},"1":{"start":{"line":30,"column":8},"end":{"line":32,"column":null}},"2":{"start":{"line":31,"column":10},"end":{"line":31,"column":79}},"3":{"start":{"line":31,"column":54},"end":{"line":31,"column":68}},"4":{"start":{"line":36,"column":8},"end":{"line":47,"column":26}},"5":{"start":{"line":37,"column":20},"end":{"line":37,"column":43}},"6":{"start":{"line":39,"column":4},"end":{"line":46,"column":null}},"7":{"start":{"line":40,"column":27},"end":{"line":40,"column":64}},"8":{"start":{"line":41,"column":27},"end":{"line":45,"column":9}},"9":{"start":{"line":46,"column":22},"end":{"line":46,"column":46}},"10":{"start":{"line":49,"column":2},"end":{"line":130,"column":null}},"11":{"start":{"line":85,"column":10},"end":{"line":129,"column":null}},"12":{"start":{"line":109,"column":16},"end":{"line":126,"column":null}}},"fnMap":{"0":{"name":"(anonymous_0)","decl":{"start":{"line":25,"column":13},"end":{"line":25,"column":null}},"loc":{"start":{"line":28,"column":33},"end":{"line":130,"column":null}},"line":28},"1":{"name":"(anonymous_1)","decl":{"start":{"line":30,"column":19},"end":{"line":30,"column":null}},"loc":{"start":{"line":31,"column":10},"end":{"line":31,"column":79}},"line":31},"2":{"name":"(anonymous_2)","decl":{"start":{"line":31,"column":43},"end":{"line":31,"column":48}},"loc":{"start":{"line":31,"column":54},"end":{"line":31,"column":68}},"line":31},"3":{"name":"(anonymous_3)","decl":{"start":{"line":36,"column":19},"end":{"line":36,"column":33}},"loc":{"start":{"line":36,"column":33},"end":{"line":47,"column":6}},"line":36},"4":{"name":"(anonymous_4)","decl":{"start":{"line":40,"column":7},"end":{"line":40,"column":15}},"loc":{"start":{"line":40,"column":27},"end":{"line":40,"column":64}},"line":40},"5":{"name":"(anonymous_5)","decl":{"start":{"line":41,"column":7},"end":{"line":41,"column":12}},"loc":{"start":{"line":41,"column":27},"end":{"line":45,"column":9}},"line":41},"6":{"name":"(anonymous_6)","decl":{"start":{"line":46,"column":7},"end":{"line":46,"column":13}},"loc":{"start":{"line":46,"column":22},"end":{"line":46,"column":46}},"line":46},"7":{"name":"(anonymous_7)","decl":{"start":{"line":84,"column":17},"end":{"line":84,"column":22}},"loc":{"start":{"line":85,"column":10},"end":{"line":129,"column":null}},"line":85},"8":{"name":"(anonymous_8)","decl":{"start":{"line":108,"column":22},"end":{"line":108,"column":27}},"loc":{"start":{"line":109,"column":16},"end":{"line":126,"column":null}},"line":109}},"branchMap":{"0":{"loc":{"start":{"line":40,"column":27},"end":{"line":40,"column":64}},"type":"binary-expr","locations":[{"start":{"line":40,"column":27},"end":{"line":40,"column":45}},{"start":{"line":40,"column":49},"end":{"line":40,"column":64}}],"line":40},"1":{"loc":{"start":{"line":81,"column":7},"end":{"line":129,"column":null}},"type":"cond-expr","locations":[{"start":{"line":82,"column":8},"end":{"line":84,"column":17}},{"start":{"line":84,"column":8},"end":{"line":129,"column":null}}],"line":81},"2":{"loc":{"start":{"line":101,"column":49},"end":{"line":101,"column":81}},"type":"binary-expr","locations":[{"start":{"line":101,"column":49},"end":{"line":101,"column":65}},{"start":{"line":101,"column":69},"end":{"line":101,"column":81}}],"line":101},"3":{"loc":{"start":{"line":117,"column":29},"end":{"line":117,"column":null}},"type":"cond-expr","locations":[{"start":{"line":117,"column":48},"end":{"line":117,"column":60}},{"start":{"line":117,"column":60},"end":{"line":117,"column":null}}],"line":117}},"s":{"0":0,"1":0,"2":0,"3":0,"4":0,"5":0,"6":0,"7":0,"8":0,"9":0,"10":0,"11":0,"12":0},"f":{"0":0,"1":0,"2":0,"3":0,"4":0,"5":0,"6":0,"7":0,"8":0},"b":{"0":[0,0],"1":[0,0],"2":[0,0],"3":[0,0]},"meta":{"lastBranch":4,"lastFunction":9,"lastStatement":13,"seen":{"s:25:13:130:Infinity":0,"f:25:13:25:Infinity":0,"s:30:8:32:Infinity":1,"f:30:19:30:Infinity":1,"s:31:10:31:79":2,"f:31:43:31:48":2,"s:31:54:31:68":3,"s:36:8:47:26":4,"f:36:19:36:33":3,"s:37:20:37:43":5,"s:39:4:46:Infinity":6,"f:40:7:40:15":4,"s:40:27:40:64":7,"b:40:27:40:45:40:49:40:64":0,"f:41:7:41:12":5,"s:41:27:45:9":8,"f:46:7:46:13":6,"s:46:22:46:46":9,"s:49:2:130:Infinity":10,"b:82:8:84:17:84:8:129:Infinity":1,"f:84:17:84:22":7,"s:85:10:129:Infinity":11,"b:101:49:101:65:101:69:101:81":2,"f:108:22:108:27":8,"s:109:16:126:Infinity":12,"b:117:48:117:60:117:60:117:Infinity":3}}}
,"/Users/shimodasota/sistems/my-iss-tracker/src/components/panels/StationLogsPanel/index.ts": {"path":"/Users/shimodasota/sistems/my-iss-tracker/src/components/panels/StationLogsPanel/index.ts","statementMap":{},"fnMap":{},"branchMap":{},"s":{},"f":{},"b":{},"meta":{"lastBranch":0,"lastFunction":0,"lastStatement":0,"seen":{}}}
,"/Users/shimodasota/sistems/my-iss-tracker/src/components/panels/TimeTravelPanel/TimeTravelPanel.tsx": {"path":"/Users/shimodasota/sistems/my-iss-tracker/src/components/panels/TimeTravelPanel/TimeTravelPanel.tsx","statementMap":{"0":{"start":{"line":25,"column":13},"end":{"line":215,"column":null}},"1":{"start":{"line":29,"column":57},"end":{"line":29,"column":null}},"2":{"start":{"line":32,"column":8},"end":{"line":33,"column":56}},"3":{"start":{"line":33,"column":4},"end":{"line":33,"column":56}},"4":{"start":{"line":33,"column":21},"end":{"line":33,"column":56}},"5":{"start":{"line":36,"column":8},"end":{"line":36,"column":76}},"6":{"start":{"line":36,"column":33},"end":{"line":36,"column":76}},"7":{"start":{"line":36,"column":50},"end":{"line":36,"column":76}},"8":{"start":{"line":39,"column":8},"end":{"line":40,"column":67}},"9":{"start":{"line":40,"column":4},"end":{"line":40,"column":67}},"10":{"start":{"line":40,"column":21},"end":{"line":40,"column":67}},"11":{"start":{"line":43,"column":8},"end":{"line":43,"column":69}},"12":{"start":{"line":43,"column":33},"end":{"line":43,"column":69}},"13":{"start":{"line":43,"column":50},"end":{"line":43,"column":69}},"14":{"start":{"line":46,"column":8},"end":{"line":46,"column":75}},"15":{"start":{"line":46,"column":27},"end":{"line":46,"column":75}},"16":{"start":{"line":46,"column":44},"end":{"line":46,"column":75}},"17":{"start":{"line":49,"column":8},"end":{"line":53,"column":7}},"18":{"start":{"line":50,"column":4},"end":{"line":53,"column":7}},"19":{"start":{"line":50,"column":21},"end":{"line":53,"column":7}},"20":{"start":{"line":56,"column":16},"end":{"line":56,"column":26}},"21":{"start":{"line":57,"column":16},"end":{"line":57,"column":null}},"22":{"start":{"line":58,"column":16},"end":{"line":58,"column":null}},"23":{"start":{"line":61,"column":16},"end":{"line":61,"column":42}},"24":{"start":{"line":62,"column":20},"end":{"line":62,"column":69}},"25":{"start":{"line":65,"column":8},"end":{"line":68,"column":null}},"26":{"start":{"line":66,"column":14},"end":{"line":66,"column":null}},"27":{"start":{"line":67,"column":15},"end":{"line":67,"column":null}},"28":{"start":{"line":68,"column":4},"end":{"line":68,"column":null}},"29":{"start":{"line":71,"column":2},"end":{"line":215,"column":null}},"30":{"start":{"line":102,"column":27},"end":{"line":102,"column":46}},"31":{"start":{"line":109,"column":27},"end":{"line":109,"column":49}},"32":{"start":{"line":125,"column":29},"end":{"line":125,"column":62}},"33":{"start":{"line":143,"column":31},"end":{"line":143,"column":63}},"34":{"start":{"line":172,"column":35},"end":{"line":172,"column":52}},"35":{"start":{"line":175,"column":35},"end":{"line":175,"column":48}},"36":{"start":{"line":178,"column":35},"end":{"line":178,"column":48}},"37":{"start":{"line":181,"column":35},"end":{"line":181,"column":47}},"38":{"start":{"line":184,"column":35},"end":{"line":184,"column":51}},"39":{"start":{"line":207,"column":50},"end":{"line":207,"column":81}},"40":{"start":{"line":209,"column":16},"end":{"line":211,"column":null}}},"fnMap":{"0":{"name":"(anonymous_0)","decl":{"start":{"line":25,"column":13},"end":{"line":25,"column":null}},"loc":{"start":{"line":28,"column":30},"end":{"line":215,"column":null}},"line":28},"1":{"name":"(anonymous_1)","decl":{"start":{"line":32,"column":8},"end":{"line":32,"column":19}},"loc":{"start":{"line":33,"column":4},"end":{"line":33,"column":56}},"line":33},"2":{"name":"(anonymous_2)","decl":{"start":{"line":33,"column":4},"end":{"line":33,"column":14}},"loc":{"start":{"line":33,"column":21},"end":{"line":33,"column":56}},"line":33},"3":{"name":"(anonymous_3)","decl":{"start":{"line":36,"column":8},"end":{"line":36,"column":18}},"loc":{"start":{"line":36,"column":33},"end":{"line":36,"column":76}},"line":36},"4":{"name":"(anonymous_4)","decl":{"start":{"line":36,"column":33},"end":{"line":36,"column":43}},"loc":{"start":{"line":36,"column":50},"end":{"line":36,"column":76}},"line":36},"5":{"name":"(anonymous_5)","decl":{"start":{"line":39,"column":8},"end":{"line":39,"column":16}},"loc":{"start":{"line":40,"column":4},"end":{"line":40,"column":67}},"line":40},"6":{"name":"(anonymous_6)","decl":{"start":{"line":40,"column":4},"end":{"line":40,"column":14}},"loc":{"start":{"line":40,"column":21},"end":{"line":40,"column":67}},"line":40},"7":{"name":"(anonymous_7)","decl":{"start":{"line":43,"column":8},"end":{"line":43,"column":19}},"loc":{"start":{"line":43,"column":33},"end":{"line":43,"column":69}},"line":43},"8":{"name":"(anonymous_8)","decl":{"start":{"line":43,"column":33},"end":{"line":43,"column":43}},"loc":{"start":{"line":43,"column":50},"end":{"line":43,"column":69}},"line":43},"9":{"name":"(anonymous_9)","decl":{"start":{"line":46,"column":8},"end":{"line":46,"column":27}},"loc":{"start":{"line":46,"column":27},"end":{"line":46,"column":75}},"line":46},"10":{"name":"(anonymous_10)","decl":{"start":{"line":46,"column":27},"end":{"line":46,"column":37}},"loc":{"start":{"line":46,"column":44},"end":{"line":46,"column":75}},"line":46},"11":{"name":"(anonymous_11)","decl":{"start":{"line":49,"column":8},"end":{"line":49,"column":21}},"loc":{"start":{"line":50,"column":4},"end":{"line":53,"column":7}},"line":50},"12":{"name":"(anonymous_12)","decl":{"start":{"line":50,"column":4},"end":{"line":50,"column":14}},"loc":{"start":{"line":50,"column":21},"end":{"line":53,"column":7}},"line":50},"13":{"name":"(anonymous_13)","decl":{"start":{"line":65,"column":8},"end":{"line":65,"column":20}},"loc":{"start":{"line":65,"column":34},"end":{"line":68,"column":null}},"line":65},"14":{"name":"(anonymous_14)","decl":{"start":{"line":102,"column":12},"end":{"line":102,"column":27}},"loc":{"start":{"line":102,"column":27},"end":{"line":102,"column":46}},"line":102},"15":{"name":"(anonymous_15)","decl":{"start":{"line":109,"column":12},"end":{"line":109,"column":27}},"loc":{"start":{"line":109,"column":27},"end":{"line":109,"column":49}},"line":109},"16":{"name":"(anonymous_16)","decl":{"start":{"line":125,"column":12},"end":{"line":125,"column":23}},"loc":{"start":{"line":125,"column":29},"end":{"line":125,"column":62}},"line":125},"17":{"name":"(anonymous_17)","decl":{"start":{"line":143,"column":14},"end":{"line":143,"column":25}},"loc":{"start":{"line":143,"column":31},"end":{"line":143,"column":63}},"line":143},"18":{"name":"(anonymous_18)","decl":{"start":{"line":172,"column":20},"end":{"line":172,"column":35}},"loc":{"start":{"line":172,"column":35},"end":{"line":172,"column":52}},"line":172},"19":{"name":"(anonymous_19)","decl":{"start":{"line":175,"column":20},"end":{"line":175,"column":35}},"loc":{"start":{"line":175,"column":35},"end":{"line":175,"column":48}},"line":175},"20":{"name":"(anonymous_20)","decl":{"start":{"line":178,"column":20},"end":{"line":178,"column":35}},"loc":{"start":{"line":178,"column":35},"end":{"line":178,"column":48}},"line":178},"21":{"name":"(anonymous_21)","decl":{"start":{"line":181,"column":20},"end":{"line":181,"column":35}},"loc":{"start":{"line":181,"column":35},"end":{"line":181,"column":47}},"line":181},"22":{"name":"(anonymous_22)","decl":{"start":{"line":184,"column":20},"end":{"line":184,"column":35}},"loc":{"start":{"line":184,"column":35},"end":{"line":184,"column":51}},"line":184},"23":{"name":"(anonymous_23)","decl":{"start":{"line":207,"column":33},"end":{"line":207,"column":44}},"loc":{"start":{"line":207,"column":50},"end":{"line":207,"column":81}},"line":207},"24":{"name":"(anonymous_24)","decl":{"start":{"line":208,"column":33},"end":{"line":208,"column":38}},"loc":{"start":{"line":209,"column":16},"end":{"line":211,"column":null}},"line":209}},"branchMap":{"0":{"loc":{"start":{"line":103,"column":49},"end":{"line":103,"column":80}},"type":"cond-expr","locations":[{"start":{"line":103,"column":71},"end":{"line":103,"column":75}},{"start":{"line":103,"column":75},"end":{"line":103,"column":80}}],"line":103},"1":{"loc":{"start":{"line":110,"column":49},"end":{"line":110,"column":83}},"type":"cond-expr","locations":[{"start":{"line":110,"column":74},"end":{"line":110,"column":78}},{"start":{"line":110,"column":78},"end":{"line":110,"column":83}}],"line":110},"2":{"loc":{"start":{"line":134,"column":7},"end":{"line":215,"column":null}},"type":"binary-expr","locations":[{"start":{"line":134,"column":7},"end":{"line":134,"column":null}},{"start":{"line":135,"column":8},"end":{"line":215,"column":null}}],"line":134},"3":{"loc":{"start":{"line":204,"column":15},"end":{"line":204,"column":null}},"type":"cond-expr","locations":[{"start":{"line":204,"column":25},"end":{"line":204,"column":35}},{"start":{"line":204,"column":35},"end":{"line":204,"column":null}}],"line":204}},"s":{"0":1,"1":4,"2":4,"3":1,"4":1,"5":4,"6":1,"7":1,"8":4,"9":0,"10":0,"11":4,"12":1,"13":1,"14":4,"15":1,"16":1,"17":4,"18":0,"19":0,"20":4,"21":4,"22":4,"23":4,"24":4,"25":4,"26":1,"27":1,"28":1,"29":4,"30":0,"31":1,"32":0,"33":1,"34":0,"35":0,"36":0,"37":0,"38":0,"39":1,"40":12},"f":{"0":4,"1":1,"2":1,"3":1,"4":1,"5":0,"6":0,"7":1,"8":1,"9":1,"10":1,"11":0,"12":0,"13":1,"14":0,"15":1,"16":0,"17":1,"18":0,"19":0,"20":0,"21":0,"22":0,"23":1,"24":12},"b":{"0":[1,3],"1":[3,1],"2":[4,3],"3":[0,3]},"meta":{"lastBranch":4,"lastFunction":25,"lastStatement":41,"seen":{"s:25:13:215:Infinity":0,"f:25:13:25:Infinity":0,"s:29:57:29:Infinity":1,"s:32:8:33:56":2,"f:32:8:32:19":1,"s:33:4:33:56":3,"f:33:4:33:14":2,"s:33:21:33:56":4,"s:36:8:36:76":5,"f:36:8:36:18":3,"s:36:33:36:76":6,"f:36:33:36:43":4,"s:36:50:36:76":7,"s:39:8:40:67":8,"f:39:8:39:16":5,"s:40:4:40:67":9,"f:40:4:40:14":6,"s:40:21:40:67":10,"s:43:8:43:69":11,"f:43:8:43:19":7,"s:43:33:43:69":12,"f:43:33:43:43":8,"s:43:50:43:69":13,"s:46:8:46:75":14,"f:46:8:46:27":9,"s:46:27:46:75":15,"f:46:27:46:37":10,"s:46:44:46:75":16,"s:49:8:53:7":17,"f:49:8:49:21":11,"s:50:4:53:7":18,"f:50:4:50:14":12,"s:50:21:53:7":19,"s:56:16:56:26":20,"s:57:16:57:Infinity":21,"s:58:16:58:Infinity":22,"s:61:16:61:42":23,"s:62:20:62:69":24,"s:65:8:68:Infinity":25,"f:65:8:65:20":13,"s:66:14:66:Infinity":26,"s:67:15:67:Infinity":27,"s:68:4:68:Infinity":28,"s:71:2:215:Infinity":29,"f:102:12:102:27":14,"s:102:27:102:46":30,"b:103:71:103:75:103:75:103:80":0,"f:109:12:109:27":15,"s:109:27:109:49":31,"b:110:74:110:78:110:78:110:83":1,"f:125:12:125:23":16,"s:125:29:125:62":32,"b:134:7:134:Infinity:135:8:215:Infinity":2,"f:143:14:143:25":17,"s:143:31:143:63":33,"f:172:20:172:35":18,"s:172:35:172:52":34,"f:175:20:175:35":19,"s:175:35:175:48":35,"f:178:20:178:35":20,"s:178:35:178:48":36,"f:181:20:181:35":21,"s:181:35:181:47":37,"f:184:20:184:35":22,"s:184:35:184:51":38,"b:204:25:204:35:204:35:204:Infinity":3,"f:207:33:207:44":23,"s:207:50:207:81":39,"f:208:33:208:38":24,"s:209:16:211:Infinity":40}}}
,"/Users/shimodasota/sistems/my-iss-tracker/src/components/panels/TimeTravelPanel/index.ts": {"path":"/Users/shimodasota/sistems/my-iss-tracker/src/components/panels/TimeTravelPanel/index.ts","statementMap":{},"fnMap":{},"branchMap":{},"s":{},"f":{},"b":{},"meta":{"lastBranch":0,"lastFunction":0,"lastStatement":0,"seen":{}}}
,"/Users/shimodasota/sistems/my-iss-tracker/src/constants/index.ts": {"path":"/Users/shimodasota/sistems/my-iss-tracker/src/constants/index.ts","statementMap":{"0":{"start":{"line":19,"column":31},"end":{"line":23,"column":null}},"1":{"start":{"line":26,"column":43},"end":{"line":26,"column":null}},"2":{"start":{"line":33,"column":41},"end":{"line":41,"column":null}},"3":{"start":{"line":44,"column":37},"end":{"line":44,"column":null}},"4":{"start":{"line":46,"column":45},"end":{"line":46,"column":null}},"5":{"start":{"line":48,"column":45},"end":{"line":48,"column":null}},"6":{"start":{"line":50,"column":49},"end":{"line":50,"column":null}},"7":{"start":{"line":53,"column":46},"end":{"line":53,"column":null}},"8":{"start":{"line":55,"column":40},"end":{"line":55,"column":null}},"9":{"start":{"line":57,"column":33},"end":{"line":57,"column":null}}},"fnMap":{},"branchMap":{},"s":{"0":5,"1":5,"2":5,"3":5,"4":5,"5":5,"6":5,"7":5,"8":5,"9":5},"f":{},"b":{},"meta":{"lastBranch":0,"lastFunction":0,"lastStatement":10,"seen":{"s:19:31:23:Infinity":0,"s:26:43:26:Infinity":1,"s:33:41:41:Infinity":2,"s:44:37:44:Infinity":3,"s:46:45:46:Infinity":4,"s:48:45:48:Infinity":5,"s:50:49:50:Infinity":6,"s:53:46:53:Infinity":7,"s:55:40:55:Infinity":8,"s:57:33:57:Infinity":9}}}
,"/Users/shimodasota/sistems/my-iss-tracker/src/hooks/index.ts": {"path":"/Users/shimodasota/sistems/my-iss-tracker/src/hooks/index.ts","statementMap":{},"fnMap":{},"branchMap":{},"s":{},"f":{},"b":{},"meta":{"lastBranch":0,"lastFunction":0,"lastStatement":0,"seen":{}}}
,"/Users/shimodasota/sistems/my-iss-tracker/src/hooks/useIssSimulation.ts": {"path":"/Users/shimodasota/sistems/my-iss-tracker/src/hooks/useIssSimulation.ts","statementMap":{"0":{"start":{"line":24,"column":16},"end":{"line":24,"column":null}},"1":{"start":{"line":25,"column":33},"end":{"line":25,"column":null}},"2":{"start":{"line":32,"column":19},"end":{"line":32,"column":67}},"3":{"start":{"line":33,"column":19},"end":{"line":33,"column":65}},"4":{"start":{"line":34,"column":16},"end":{"line":34,"column":108}},"5":{"start":{"line":35,"column":26},"end":{"line":35,"column":97}},"6":{"start":{"line":36,"column":27},"end":{"line":36,"column":82}},"7":{"start":{"line":38,"column":16},"end":{"line":44,"column":4}},"8":{"start":{"line":46,"column":8},"end":{"line":46,"column":65}},"9":{"start":{"line":47,"column":8},"end":{"line":47,"column":49}},"10":{"start":{"line":48,"column":8},"end":{"line":48,"column":40}},"11":{"start":{"line":49,"column":8},"end":{"line":49,"column":44}},"12":{"start":{"line":50,"column":8},"end":{"line":50,"column":50}},"13":{"start":{"line":53,"column":16},"end":{"line":53,"column":null}},"14":{"start":{"line":55,"column":8},"end":{"line":101,"column":37}},"15":{"start":{"line":56,"column":4},"end":{"line":56,"column":null}},"16":{"start":{"line":56,"column":17},"end":{"line":56,"column":null}},"17":{"start":{"line":58,"column":10},"end":{"line":58,"column":56}},"18":{"start":{"line":59,"column":4},"end":{"line":59,"column":null}},"19":{"start":{"line":59,"column":17},"end":{"line":59,"column":null}},"20":{"start":{"line":61,"column":4},"end":{"line":61,"column":null}},"21":{"start":{"line":62,"column":4},"end":{"line":62,"column":null}},"22":{"start":{"line":64,"column":10},"end":{"line":64,"column":103}},"23":{"start":{"line":65,"column":4},"end":{"line":65,"column":null}},"24":{"start":{"line":65,"column":56},"end":{"line":65,"column":65}},"25":{"start":{"line":67,"column":25},"end":{"line":67,"column":null}},"26":{"start":{"line":68,"column":4},"end":{"line":85,"column":null}},"27":{"start":{"line":69,"column":20},"end":{"line":69,"column":36}},"28":{"start":{"line":70,"column":29},"end":{"line":70,"column":96}},"29":{"start":{"line":71,"column":6},"end":{"line":71,"column":null}},"30":{"start":{"line":73,"column":6},"end":{"line":82,"column":null}},"31":{"start":{"line":74,"column":8},"end":{"line":82,"column":null}},"32":{"start":{"line":75,"column":23},"end":{"line":75,"column":38}},"33":{"start":{"line":76,"column":10},"end":{"line":79,"column":null}},"34":{"start":{"line":77,"column":24},"end":{"line":77,"column":53}},"35":{"start":{"line":78,"column":12},"end":{"line":78,"column":null}},"36":{"start":{"line":79,"column":12},"end":{"line":79,"column":null}},"37":{"start":{"line":81,"column":10},"end":{"line":81,"column":null}},"38":{"start":{"line":85,"column":6},"end":{"line":85,"column":null}},"39":{"start":{"line":85,"column":69},"end":{"line":85,"column":84}},"40":{"start":{"line":88,"column":18},"end":{"line":88,"column":34}},"41":{"start":{"line":90,"column":6},"end":{"line":91,"column":null}},"42":{"start":{"line":93,"column":4},"end":{"line":97,"column":null}},"43":{"start":{"line":94,"column":12},"end":{"line":94,"column":64}},"44":{"start":{"line":95,"column":18},"end":{"line":95,"column":47}},"45":{"start":{"line":96,"column":6},"end":{"line":96,"column":null}},"46":{"start":{"line":97,"column":6},"end":{"line":97,"column":null}},"47":{"start":{"line":100,"column":4},"end":{"line":100,"column":null}},"48":{"start":{"line":104,"column":2},"end":{"line":116,"column":null}},"49":{"start":{"line":105,"column":4},"end":{"line":108,"column":null}},"50":{"start":{"line":106,"column":6},"end":{"line":106,"column":null}},"51":{"start":{"line":107,"column":6},"end":{"line":107,"column":null}},"52":{"start":{"line":108,"column":6},"end":{"line":108,"column":null}},"53":{"start":{"line":111,"column":4},"end":{"line":111,"column":null}},"54":{"start":{"line":112,"column":15},"end":{"line":112,"column":94}},"55":{"start":{"line":112,"column":40},"end":{"line":112,"column":84}},"56":{"start":{"line":113,"column":4},"end":{"line":113,"column":null}},"57":{"start":{"line":115,"column":4},"end":{"line":115,"column":null}},"58":{"start":{"line":115,"column":17},"end":{"line":115,"column":34}},"59":{"start":{"line":119,"column":2},"end":{"line":136,"column":null}},"60":{"start":{"line":120,"column":4},"end":{"line":120,"column":null}},"61":{"start":{"line":120,"column":17},"end":{"line":120,"column":null}},"62":{"start":{"line":121,"column":4},"end":{"line":121,"column":null}},"63":{"start":{"line":121,"column":38},"end":{"line":121,"column":null}},"64":{"start":{"line":123,"column":4},"end":{"line":123,"column":null}},"65":{"start":{"line":123,"column":30},"end":{"line":123,"column":null}},"66":{"start":{"line":125,"column":4},"end":{"line":133,"column":null}},"67":{"start":{"line":126,"column":6},"end":{"line":133,"column":null}},"68":{"start":{"line":127,"column":8},"end":{"line":132,"column":null}},"69":{"start":{"line":128,"column":25},"end":{"line":128,"column":null}},"70":{"start":{"line":129,"column":24},"end":{"line":129,"column":34}},"71":{"start":{"line":130,"column":26},"end":{"line":130,"column":112}},"72":{"start":{"line":131,"column":10},"end":{"line":131,"column":null}},"73":{"start":{"line":135,"column":4},"end":{"line":135,"column":null}},"74":{"start":{"line":135,"column":19},"end":{"line":135,"column":null}},"75":{"start":{"line":135,"column":45},"end":{"line":135,"column":null}},"76":{"start":{"line":139,"column":2},"end":{"line":144,"column":null}},"77":{"start":{"line":140,"column":4},"end":{"line":141,"column":null}},"78":{"start":{"line":141,"column":6},"end":{"line":141,"column":null}},"79":{"start":{"line":143,"column":4},"end":{"line":143,"column":null}},"80":{"start":{"line":146,"column":2},"end":{"line":146,"column":null}}},"fnMap":{"0":{"name":"useIssSimulation","decl":{"start":{"line":27,"column":16},"end":{"line":27,"column":null}},"loc":{"start":{"line":31,"column":2},"end":{"line":146,"column":null}},"line":31},"1":{"name":"(anonymous_1)","decl":{"start":{"line":55,"column":19},"end":{"line":55,"column":32}},"loc":{"start":{"line":55,"column":87},"end":{"line":101,"column":6}},"line":55},"2":{"name":"(anonymous_2)","decl":{"start":{"line":65,"column":47},"end":{"line":65,"column":51}},"loc":{"start":{"line":65,"column":56},"end":{"line":65,"column":65}},"line":65},"3":{"name":"(anonymous_3)","decl":{"start":{"line":74,"column":8},"end":{"line":74,"column":28}},"loc":{"start":{"line":74,"column":40},"end":{"line":82,"column":null}},"line":74},"4":{"name":"(anonymous_4)","decl":{"start":{"line":85,"column":60},"end":{"line":85,"column":64}},"loc":{"start":{"line":85,"column":69},"end":{"line":85,"column":84}},"line":85},"5":{"name":"(anonymous_5)","decl":{"start":{"line":104,"column":2},"end":{"line":104,"column":18}},"loc":{"start":{"line":104,"column":18},"end":{"line":116,"column":6}},"line":104},"6":{"name":"(anonymous_6)","decl":{"start":{"line":112,"column":22},"end":{"line":112,"column":40}},"loc":{"start":{"line":112,"column":40},"end":{"line":112,"column":84}},"line":112},"7":{"name":"(anonymous_7)","decl":{"start":{"line":115,"column":4},"end":{"line":115,"column":17}},"loc":{"start":{"line":115,"column":17},"end":{"line":115,"column":34}},"line":115},"8":{"name":"(anonymous_8)","decl":{"start":{"line":119,"column":2},"end":{"line":119,"column":18}},"loc":{"start":{"line":119,"column":18},"end":{"line":136,"column":6}},"line":119},"9":{"name":"(anonymous_9)","decl":{"start":{"line":126,"column":36},"end":{"line":126,"column":54}},"loc":{"start":{"line":126,"column":54},"end":{"line":133,"column":14}},"line":126},"10":{"name":"(anonymous_10)","decl":{"start":{"line":127,"column":8},"end":{"line":127,"column":17}},"loc":{"start":{"line":127,"column":22},"end":{"line":132,"column":null}},"line":127},"11":{"name":"(anonymous_11)","decl":{"start":{"line":135,"column":4},"end":{"line":135,"column":17}},"loc":{"start":{"line":135,"column":17},"end":{"line":135,"column":null}},"line":135},"12":{"name":"(anonymous_12)","decl":{"start":{"line":139,"column":2},"end":{"line":139,"column":18}},"loc":{"start":{"line":139,"column":18},"end":{"line":144,"column":6}},"line":139}},"branchMap":{"0":{"loc":{"start":{"line":53,"column":16},"end":{"line":53,"column":null}},"type":"binary-expr","locations":[{"start":{"line":53,"column":16},"end":{"line":53,"column":53}},{"start":{"line":53,"column":53},"end":{"line":53,"column":null}}],"line":53},"1":{"loc":{"start":{"line":56,"column":4},"end":{"line":56,"column":null}},"type":"if","locations":[{"start":{"line":56,"column":4},"end":{"line":56,"column":null}},{"start":{},"end":{}}],"line":56},"2":{"loc":{"start":{"line":59,"column":4},"end":{"line":59,"column":null}},"type":"if","locations":[{"start":{"line":59,"column":4},"end":{"line":59,"column":null}},{"start":{},"end":{}}],"line":59},"3":{"loc":{"start":{"line":67,"column":25},"end":{"line":67,"column":null}},"type":"binary-expr","locations":[{"start":{"line":67,"column":25},"end":{"line":67,"column":51}},{"start":{"line":67,"column":51},"end":{"line":67,"column":null}}],"line":67},"4":{"loc":{"start":{"line":68,"column":4},"end":{"line":85,"column":null}},"type":"if","locations":[{"start":{"line":68,"column":4},"end":{"line":85,"column":null}},{"start":{"line":84,"column":11},"end":{"line":85,"column":null}}],"line":68},"5":{"loc":{"start":{"line":73,"column":6},"end":{"line":82,"column":null}},"type":"if","locations":[{"start":{"line":73,"column":6},"end":{"line":82,"column":null}},{"start":{},"end":{}}],"line":73},"6":{"loc":{"start":{"line":77,"column":24},"end":{"line":77,"column":53}},"type":"cond-expr","locations":[{"start":{"line":77,"column":35},"end":{"line":77,"column":48}},{"start":{"line":77,"column":51},"end":{"line":77,"column":53}}],"line":77},"7":{"loc":{"start":{"line":90,"column":6},"end":{"line":91,"column":null}},"type":"binary-expr","locations":[{"start":{"line":90,"column":6},"end":{"line":90,"column":null}},{"start":{"line":91,"column":6},"end":{"line":91,"column":null}}],"line":90},"8":{"loc":{"start":{"line":93,"column":4},"end":{"line":97,"column":null}},"type":"if","locations":[{"start":{"line":93,"column":4},"end":{"line":97,"column":null}},{"start":{},"end":{}}],"line":93},"9":{"loc":{"start":{"line":105,"column":4},"end":{"line":108,"column":null}},"type":"if","locations":[{"start":{"line":105,"column":4},"end":{"line":108,"column":null}},{"start":{},"end":{}}],"line":105},"10":{"loc":{"start":{"line":105,"column":8},"end":{"line":105,"column":46}},"type":"binary-expr","locations":[{"start":{"line":105,"column":8},"end":{"line":105,"column":19}},{"start":{"line":105,"column":19},"end":{"line":105,"column":46}}],"line":105},"11":{"loc":{"start":{"line":120,"column":4},"end":{"line":120,"column":null}},"type":"if","locations":[{"start":{"line":120,"column":4},"end":{"line":120,"column":null}},{"start":{},"end":{}}],"line":120},"12":{"loc":{"start":{"line":121,"column":4},"end":{"line":121,"column":null}},"type":"if","locations":[{"start":{"line":121,"column":4},"end":{"line":121,"column":null}},{"start":{},"end":{}}],"line":121},"13":{"loc":{"start":{"line":123,"column":4},"end":{"line":123,"column":null}},"type":"if","locations":[{"start":{"line":123,"column":4},"end":{"line":123,"column":null}},{"start":{},"end":{}}],"line":123},"14":{"loc":{"start":{"line":125,"column":4},"end":{"line":133,"column":null}},"type":"if","locations":[{"start":{"line":125,"column":4},"end":{"line":133,"column":null}},{"start":{},"end":{}}],"line":125},"15":{"loc":{"start":{"line":125,"column":8},"end":{"line":125,"column":55}},"type":"binary-expr","locations":[{"start":{"line":125,"column":8},"end":{"line":125,"column":40}},{"start":{"line":125,"column":40},"end":{"line":125,"column":55}}],"line":125},"16":{"loc":{"start":{"line":131,"column":55},"end":{"line":131,"column":95}},"type":"cond-expr","locations":[{"start":{"line":131,"column":76},"end":{"line":131,"column":84}},{"start":{"line":131,"column":84},"end":{"line":131,"column":95}}],"line":131},"17":{"loc":{"start":{"line":135,"column":19},"end":{"line":135,"column":null}},"type":"if","locations":[{"start":{"line":135,"column":19},"end":{"line":135,"column":null}},{"start":{},"end":{}}],"line":135},"18":{"loc":{"start":{"line":140,"column":4},"end":{"line":141,"column":null}},"type":"if","locations":[{"start":{"line":140,"column":4},"end":{"line":141,"column":null}},{"start":{},"end":{}}],"line":140},"19":{"loc":{"start":{"line":140,"column":8},"end":{"line":140,"column":98}},"type":"binary-expr","locations":[{"start":{"line":140,"column":8},"end":{"line":140,"column":37}},{"start":{"line":140,"column":37},"end":{"line":140,"column":68}},{"start":{"line":140,"column":68},"end":{"line":140,"column":98}}],"line":140},"20":{"loc":{"start":{"line":141,"column":30},"end":{"line":141,"column":122}},"type":"cond-expr","locations":[{"start":{"line":141,"column":38},"end":{"line":141,"column":84}},{"start":{"line":141,"column":84},"end":{"line":141,"column":122}}],"line":141},"21":{"loc":{"start":{"line":141,"column":128},"end":{"line":141,"column":159}},"type":"cond-expr","locations":[{"start":{"line":141,"column":136},"end":{"line":141,"column":148}},{"start":{"line":141,"column":148},"end":{"line":141,"column":159}}],"line":141}},"s":{"0":0,"1":0,"2":0,"3":0,"4":0,"5":0,"6":0,"7":0,"8":0,"9":0,"10":0,"11":0,"12":0,"13":0,"14":0,"15":0,"16":0,"17":0,"18":0,"19":0,"20":0,"21":0,"22":0,"23":0,"24":0,"25":0,"26":0,"27":0,"28":0,"29":0,"30":0,"31":0,"32":0,"33":0,"34":0,"35":0,"36":0,"37":0,"38":0,"39":0,"40":0,"41":0,"42":0,"43":0,"44":0,"45":0,"46":0,"47":0,"48":0,"49":0,"50":0,"51":0,"52":0,"53":0,"54":0,"55":0,"56":0,"57":0,"58":0,"59":0,"60":0,"61":0,"62":0,"63":0,"64":0,"65":0,"66":0,"67":0,"68":0,"69":0,"70":0,"71":0,"72":0,"73":0,"74":0,"75":0,"76":0,"77":0,"78":0,"79":0,"80":0},"f":{"0":0,"1":0,"2":0,"3":0,"4":0,"5":0,"6":0,"7":0,"8":0,"9":0,"10":0,"11":0,"12":0},"b":{"0":[0,0],"1":[0,0],"2":[0,0],"3":[0,0],"4":[0,0],"5":[0,0],"6":[0,0],"7":[0,0],"8":[0,0],"9":[0,0],"10":[0,0],"11":[0,0],"12":[0,0],"13":[0,0],"14":[0,0],"15":[0,0],"16":[0,0],"17":[0,0],"18":[0,0],"19":[0,0,0],"20":[0,0],"21":[0,0]},"meta":{"lastBranch":22,"lastFunction":13,"lastStatement":81,"seen":{"s:24:16:24:Infinity":0,"s:25:33:25:Infinity":1,"f:27:16:27:Infinity":0,"s:32:19:32:67":2,"s:33:19:33:65":3,"s:34:16:34:108":4,"s:35:26:35:97":5,"s:36:27:36:82":6,"s:38:16:44:4":7,"s:46:8:46:65":8,"s:47:8:47:49":9,"s:48:8:48:40":10,"s:49:8:49:44":11,"s:50:8:50:50":12,"s:53:16:53:Infinity":13,"b:53:16:53:53:53:53:53:Infinity":0,"s:55:8:101:37":14,"f:55:19:55:32":1,"b:56:4:56:Infinity:undefined:undefined:undefined:undefined":1,"s:56:4:56:Infinity":15,"s:56:17:56:Infinity":16,"s:58:10:58:56":17,"b:59:4:59:Infinity:undefined:undefined:undefined:undefined":2,"s:59:4:59:Infinity":18,"s:59:17:59:Infinity":19,"s:61:4:61:Infinity":20,"s:62:4:62:Infinity":21,"s:64:10:64:103":22,"s:65:4:65:Infinity":23,"f:65:47:65:51":2,"s:65:56:65:65":24,"s:67:25:67:Infinity":25,"b:67:25:67:51:67:51:67:Infinity":3,"b:68:4:85:Infinity:84:11:85:Infinity":4,"s:68:4:85:Infinity":26,"s:69:20:69:36":27,"s:70:29:70:96":28,"s:71:6:71:Infinity":29,"b:73:6:82:Infinity:undefined:undefined:undefined:undefined":5,"s:73:6:82:Infinity":30,"s:74:8:82:Infinity":31,"f:74:8:74:28":3,"s:75:23:75:38":32,"s:76:10:79:Infinity":33,"s:77:24:77:53":34,"b:77:35:77:48:77:51:77:53":6,"s:78:12:78:Infinity":35,"s:79:12:79:Infinity":36,"s:81:10:81:Infinity":37,"s:85:6:85:Infinity":38,"f:85:60:85:64":4,"s:85:69:85:84":39,"s:88:18:88:34":40,"s:90:6:91:Infinity":41,"b:90:6:90:Infinity:91:6:91:Infinity":7,"b:93:4:97:Infinity:undefined:undefined:undefined:undefined":8,"s:93:4:97:Infinity":42,"s:94:12:94:64":43,"s:95:18:95:47":44,"s:96:6:96:Infinity":45,"s:97:6:97:Infinity":46,"s:100:4:100:Infinity":47,"s:104:2:116:Infinity":48,"f:104:2:104:18":5,"b:105:4:108:Infinity:undefined:undefined:undefined:undefined":9,"s:105:4:108:Infinity":49,"b:105:8:105:19:105:19:105:46":10,"s:106:6:106:Infinity":50,"s:107:6:107:Infinity":51,"s:108:6:108:Infinity":52,"s:111:4:111:Infinity":53,"s:112:15:112:94":54,"f:112:22:112:40":6,"s:112:40:112:84":55,"s:113:4:113:Infinity":56,"s:115:4:115:Infinity":57,"f:115:4:115:17":7,"s:115:17:115:34":58,"s:119:2:136:Infinity":59,"f:119:2:119:18":8,"b:120:4:120:Infinity:undefined:undefined:undefined:undefined":11,"s:120:4:120:Infinity":60,"s:120:17:120:Infinity":61,"b:121:4:121:Infinity:undefined:undefined:undefined:undefined":12,"s:121:4:121:Infinity":62,"s:121:38:121:Infinity":63,"b:123:4:123:Infinity:undefined:undefined:undefined:undefined":13,"s:123:4:123:Infinity":64,"s:123:30:123:Infinity":65,"b:125:4:133:Infinity:undefined:undefined:undefined:undefined":14,"s:125:4:133:Infinity":66,"b:125:8:125:40:125:40:125:55":15,"s:126:6:133:Infinity":67,"f:126:36:126:54":9,"s:127:8:132:Infinity":68,"f:127:8:127:17":10,"s:128:25:128:Infinity":69,"s:129:24:129:34":70,"s:130:26:130:112":71,"s:131:10:131:Infinity":72,"b:131:76:131:84:131:84:131:95":16,"s:135:4:135:Infinity":73,"f:135:4:135:17":11,"b:135:19:135:Infinity:undefined:undefined:undefined:undefined":17,"s:135:19:135:Infinity":74,"s:135:45:135:Infinity":75,"s:139:2:144:Infinity":76,"f:139:2:139:18":12,"b:140:4:141:Infinity:undefined:undefined:undefined:undefined":18,"s:140:4:141:Infinity":77,"b:140:8:140:37:140:37:140:68:140:68:140:98":19,"s:141:6:141:Infinity":78,"b:141:38:141:84:141:84:141:122":20,"b:141:136:141:148:141:148:141:159":21,"s:143:4:143:Infinity":79,"s:146:2:146:Infinity":80}}}
,"/Users/shimodasota/sistems/my-iss-tracker/src/hooks/useTle.ts": {"path":"/Users/shimodasota/sistems/my-iss-tracker/src/hooks/useTle.ts","statementMap":{"0":{"start":{"line":5,"column":16},"end":{"line":5,"column":null}},"1":{"start":{"line":9,"column":14},"end":{"line":9,"column":50}},"2":{"start":{"line":11,"column":2},"end":{"line":43,"column":null}},"3":{"start":{"line":12,"column":23},"end":{"line":12,"column":44}},"4":{"start":{"line":14,"column":4},"end":{"line":40,"column":null}},"5":{"start":{"line":15,"column":6},"end":{"line":38,"column":null}},"6":{"start":{"line":16,"column":20},"end":{"line":16,"column":71}},"7":{"start":{"line":17,"column":8},"end":{"line":17,"column":null}},"8":{"start":{"line":17,"column":21},"end":{"line":17,"column":null}},"9":{"start":{"line":18,"column":21},"end":{"line":18,"column":37}},"10":{"start":{"line":19,"column":8},"end":{"line":19,"column":null}},"11":{"start":{"line":21,"column":8},"end":{"line":21,"column":null}},"12":{"start":{"line":24,"column":11},"end":{"line":27,"column":null}},"13":{"start":{"line":29,"column":8},"end":{"line":34,"column":null}},"14":{"start":{"line":31,"column":13},"end":{"line":32,"column":null}},"15":{"start":{"line":33,"column":10},"end":{"line":33,"column":null}},"16":{"start":{"line":34,"column":10},"end":{"line":34,"column":null}},"17":{"start":{"line":37,"column":21},"end":{"line":37,"column":54}},"18":{"start":{"line":38,"column":8},"end":{"line":38,"column":null}},"19":{"start":{"line":42,"column":4},"end":{"line":42,"column":null}},"20":{"start":{"line":42,"column":17},"end":{"line":42,"column":70}},"21":{"start":{"line":45,"column":2},"end":{"line":45,"column":null}},"22":{"start":{"line":45,"column":24},"end":{"line":45,"column":86}}},"fnMap":{"0":{"name":"useTle","decl":{"start":{"line":8,"column":16},"end":{"line":8,"column":23}},"loc":{"start":{"line":8,"column":85},"end":{"line":45,"column":null}},"line":8},"1":{"name":"(anonymous_1)","decl":{"start":{"line":11,"column":2},"end":{"line":11,"column":18}},"loc":{"start":{"line":11,"column":18},"end":{"line":43,"column":6}},"line":11},"2":{"name":"(anonymous_2)","decl":{"start":{"line":14,"column":5},"end":{"line":14,"column":17}},"loc":{"start":{"line":14,"column":17},"end":{"line":40,"column":null}},"line":14},"3":{"name":"(anonymous_3)","decl":{"start":{"line":42,"column":4},"end":{"line":42,"column":17}},"loc":{"start":{"line":42,"column":17},"end":{"line":42,"column":70}},"line":42},"4":{"name":"(anonymous_4)","decl":{"start":{"line":45,"column":9},"end":{"line":45,"column":24}},"loc":{"start":{"line":45,"column":24},"end":{"line":45,"column":86}},"line":45}},"branchMap":{"0":{"loc":{"start":{"line":17,"column":8},"end":{"line":17,"column":null}},"type":"if","locations":[{"start":{"line":17,"column":8},"end":{"line":17,"column":null}},{"start":{},"end":{}}],"line":17},"1":{"loc":{"start":{"line":24,"column":11},"end":{"line":27,"column":null}},"type":"binary-expr","locations":[{"start":{"line":24,"column":11},"end":{"line":24,"column":40}},{"start":{"line":24,"column":40},"end":{"line":24,"column":null}},{"start":{"line":25,"column":10},"end":{"line":25,"column":null}},{"start":{"line":26,"column":10},"end":{"line":26,"column":null}},{"start":{"line":27,"column":12},"end":{"line":27,"column":null}}],"line":24},"2":{"loc":{"start":{"line":29,"column":8},"end":{"line":34,"column":null}},"type":"if","locations":[{"start":{"line":29,"column":8},"end":{"line":34,"column":null}},{"start":{},"end":{}}],"line":29},"3":{"loc":{"start":{"line":31,"column":13},"end":{"line":32,"column":null}},"type":"binary-expr","locations":[{"start":{"line":31,"column":13},"end":{"line":31,"column":null}},{"start":{"line":32,"column":14},"end":{"line":32,"column":39}},{"start":{"line":32,"column":39},"end":{"line":32,"column":null}}],"line":31},"4":{"loc":{"start":{"line":37,"column":21},"end":{"line":37,"column":54}},"type":"binary-expr","locations":[{"start":{"line":37,"column":21},"end":{"line":37,"column":45}},{"start":{"line":37,"column":45},"end":{"line":37,"column":54}}],"line":37},"5":{"loc":{"start":{"line":45,"column":24},"end":{"line":45,"column":86}},"type":"cond-expr","locations":[{"start":{"line":45,"column":30},"end":{"line":45,"column":76}},{"start":{"line":45,"column":79},"end":{"line":45,"column":86}}],"line":45}},"s":{"0":0,"1":0,"2":0,"3":0,"4":0,"5":0,"6":0,"7":0,"8":0,"9":0,"10":0,"11":0,"12":0,"13":0,"14":0,"15":0,"16":0,"17":0,"18":0,"19":0,"20":0,"21":0,"22":0},"f":{"0":0,"1":0,"2":0,"3":0,"4":0},"b":{"0":[0,0],"1":[0,0,0,0,0],"2":[0,0],"3":[0,0,0],"4":[0,0],"5":[0,0]},"meta":{"lastBranch":6,"lastFunction":5,"lastStatement":23,"seen":{"s:5:16:5:Infinity":0,"f:8:16:8:23":0,"s:9:14:9:50":1,"s:11:2:43:Infinity":2,"f:11:2:11:18":1,"s:12:23:12:44":3,"s:14:4:40:Infinity":4,"f:14:5:14:17":2,"s:15:6:38:Infinity":5,"s:16:20:16:71":6,"b:17:8:17:Infinity:undefined:undefined:undefined:undefined":0,"s:17:8:17:Infinity":7,"s:17:21:17:Infinity":8,"s:18:21:18:37":9,"s:19:8:19:Infinity":10,"s:21:8:21:Infinity":11,"s:24:11:27:Infinity":12,"b:24:11:24:40:24:40:24:Infinity:25:10:25:Infinity:26:10:26:Infinity:27:12:27:Infinity":1,"b:29:8:34:Infinity:undefined:undefined:undefined:undefined":2,"s:29:8:34:Infinity":13,"s:31:13:32:Infinity":14,"b:31:13:31:Infinity:32:14:32:39:32:39:32:Infinity":3,"s:33:10:33:Infinity":15,"s:34:10:34:Infinity":16,"s:37:21:37:54":17,"b:37:21:37:45:37:45:37:54":4,"s:38:8:38:Infinity":18,"s:42:4:42:Infinity":19,"f:42:4:42:17":3,"s:42:17:42:70":20,"s:45:2:45:Infinity":21,"f:45:9:45:24":4,"s:45:24:45:86":22,"b:45:30:45:76:45:79:45:86":5}}}
,"/Users/shimodasota/sistems/my-iss-tracker/src/utils/format.ts": {"path":"/Users/shimodasota/sistems/my-iss-tracker/src/utils/format.ts","statementMap":{"0":{"start":{"line":1,"column":6},"end":{"line":1,"column":53}},"1":{"start":{"line":1,"column":27},"end":{"line":1,"column":53}},"2":{"start":{"line":4,"column":12},"end":{"line":4,"column":null}},"3":{"start":{"line":5,"column":2},"end":{"line":5,"column":null}},"4":{"start":{"line":9,"column":12},"end":{"line":9,"column":24}},"5":{"start":{"line":10,"column":2},"end":{"line":10,"column":null}}},"fnMap":{"0":{"name":"(anonymous_0)","decl":{"start":{"line":1,"column":6},"end":{"line":1,"column":13}},"loc":{"start":{"line":1,"column":27},"end":{"line":1,"column":53}},"line":1},"1":{"name":"formatTimeHMS","decl":{"start":{"line":3,"column":16},"end":{"line":3,"column":30}},"loc":{"start":{"line":3,"column":59},"end":{"line":5,"column":null}},"line":3},"2":{"name":"formatDateTimeMs","decl":{"start":{"line":8,"column":16},"end":{"line":8,"column":33}},"loc":{"start":{"line":8,"column":53},"end":{"line":10,"column":null}},"line":8}},"branchMap":{"0":{"loc":{"start":{"line":4,"column":12},"end":{"line":4,"column":null}},"type":"cond-expr","locations":[{"start":{"line":4,"column":39},"end":{"line":4,"column":53}},{"start":{"line":4,"column":56},"end":{"line":4,"column":null}}],"line":4}},"s":{"0":1,"1":45,"2":9,"3":9,"4":9,"5":9},"f":{"0":45,"1":9,"2":9},"b":{"0":[0,9]},"meta":{"lastBranch":1,"lastFunction":3,"lastStatement":6,"seen":{"s:1:6:1:53":0,"f:1:6:1:13":0,"s:1:27:1:53":1,"f:3:16:3:30":1,"s:4:12:4:Infinity":2,"b:4:39:4:53:4:56:4:Infinity":0,"s:5:2:5:Infinity":3,"f:8:16:8:33":2,"s:9:12:9:24":4,"s:10:2:10:Infinity":5}}}
,"/Users/shimodasota/sistems/my-iss-tracker/src/utils/index.ts": {"path":"/Users/shimodasota/sistems/my-iss-tracker/src/utils/index.ts","statementMap":{},"fnMap":{},"branchMap":{},"s":{},"f":{},"b":{},"meta":{"lastBranch":0,"lastFunction":0,"lastStatement":0,"seen":{}}}
,"/Users/shimodasota/sistems/my-iss-tracker/src/utils/orbitalLogic.ts": {"path":"/Users/shimodasota/sistems/my-iss-tracker/src/utils/orbitalLogic.ts","statementMap":{"0":{"start":{"line":47,"column":21},"end":{"line":47,"column":54}},"1":{"start":{"line":50,"column":2},"end":{"line":55,"column":null}},"2":{"start":{"line":55,"column":4},"end":{"line":55,"column":null}},"3":{"start":{"line":59,"column":45},"end":{"line":59,"column":null}},"4":{"start":{"line":62,"column":15},"end":{"line":62,"column":37}},"5":{"start":{"line":63,"column":13},"end":{"line":63,"column":60}},"6":{"start":{"line":66,"column":24},"end":{"line":66,"column":74}},"7":{"start":{"line":68,"column":2},"end":{"line":80,"column":null}},"8":{"start":{"line":100,"column":20},"end":{"line":104,"column":null}},"9":{"start":{"line":105,"column":14},"end":{"line":105,"column":44}},"10":{"start":{"line":106,"column":17},"end":{"line":106,"column":58}},"11":{"start":{"line":108,"column":2},"end":{"line":112,"column":null}},"12":{"start":{"line":133,"column":2},"end":{"line":145,"column":null}},"13":{"start":{"line":134,"column":38},"end":{"line":137,"column":null}},"14":{"start":{"line":139,"column":4},"end":{"line":144,"column":null}},"15":{"start":{"line":168,"column":31},"end":{"line":168,"column":33}},"16":{"start":{"line":171,"column":34},"end":{"line":171,"column":null}},"17":{"start":{"line":172,"column":34},"end":{"line":172,"column":null}},"18":{"start":{"line":173,"column":33},"end":{"line":173,"column":null}},"19":{"start":{"line":175,"column":18},"end":{"line":175,"column":37}},"20":{"start":{"line":178,"column":2},"end":{"line":229,"column":null}},"21":{"start":{"line":178,"column":15},"end":{"line":178,"column":29}},"22":{"start":{"line":179,"column":17},"end":{"line":179,"column":47}},"23":{"start":{"line":180,"column":23},"end":{"line":180,"column":56}},"24":{"start":{"line":182,"column":4},"end":{"line":184,"column":null}},"25":{"start":{"line":184,"column":6},"end":{"line":184,"column":null}},"26":{"start":{"line":187,"column":31},"end":{"line":187,"column":null}},"27":{"start":{"line":188,"column":17},"end":{"line":188,"column":39}},"28":{"start":{"line":189,"column":15},"end":{"line":189,"column":62}},"29":{"start":{"line":192,"column":19},"end":{"line":192,"column":54}},"30":{"start":{"line":193,"column":19},"end":{"line":193,"column":52}},"31":{"start":{"line":194,"column":19},"end":{"line":194,"column":null}},"32":{"start":{"line":197,"column":4},"end":{"line":213,"column":null}},"33":{"start":{"line":199,"column":20},"end":{"line":199,"column":56}},"34":{"start":{"line":202,"column":6},"end":{"line":213,"column":null}},"35":{"start":{"line":203,"column":26},"end":{"line":203,"column":58}},"36":{"start":{"line":204,"column":26},"end":{"line":204,"column":58}},"37":{"start":{"line":205,"column":26},"end":{"line":205,"column":71}},"38":{"start":{"line":207,"column":8},"end":{"line":213,"column":null}},"39":{"start":{"line":218,"column":4},"end":{"line":224,"column":null}},"40":{"start":{"line":227,"column":4},"end":{"line":227,"column":null}},"41":{"start":{"line":228,"column":4},"end":{"line":228,"column":null}},"42":{"start":{"line":229,"column":4},"end":{"line":229,"column":null}},"43":{"start":{"line":232,"column":2},"end":{"line":232,"column":null}},"44":{"start":{"line":241,"column":2},"end":{"line":241,"column":null}},"45":{"start":{"line":246,"column":12},"end":{"line":246,"column":25}},"46":{"start":{"line":247,"column":12},"end":{"line":247,"column":23}},"47":{"start":{"line":248,"column":10},"end":{"line":248,"column":null}},"48":{"start":{"line":249,"column":2},"end":{"line":249,"column":null}},"49":{"start":{"line":249,"column":16},"end":{"line":249,"column":null}},"50":{"start":{"line":250,"column":2},"end":{"line":250,"column":null}},"51":{"start":{"line":250,"column":16},"end":{"line":250,"column":null}},"52":{"start":{"line":251,"column":2},"end":{"line":251,"column":null}},"53":{"start":{"line":256,"column":12},"end":{"line":256,"column":38}},"54":{"start":{"line":257,"column":2},"end":{"line":257,"column":null}},"55":{"start":{"line":262,"column":2},"end":{"line":262,"column":null}},"56":{"start":{"line":267,"column":2},"end":{"line":267,"column":null}}},"fnMap":{"0":{"name":"calculateIssTelemetry","decl":{"start":{"line":46,"column":16},"end":{"line":46,"column":38}},"loc":{"start":{"line":46,"column":76},"end":{"line":80,"column":null}},"line":46},"1":{"name":"computeLookAnglesDeg","decl":{"start":{"line":95,"column":16},"end":{"line":95,"column":null}},"loc":{"start":{"line":99,"column":2},"end":{"line":112,"column":null}},"line":99},"2":{"name":"computeStationsStatus","decl":{"start":{"line":127,"column":16},"end":{"line":127,"column":null}},"loc":{"start":{"line":132,"column":25},"end":{"line":145,"column":null}},"line":132},"3":{"name":"(anonymous_3)","decl":{"start":{"line":133,"column":18},"end":{"line":133,"column":23}},"loc":{"start":{"line":133,"column":30},"end":{"line":145,"column":null}},"line":133},"4":{"name":"calculateOrbitPoints","decl":{"start":{"line":162,"column":16},"end":{"line":162,"column":null}},"loc":{"start":{"line":167,"column":2},"end":{"line":232,"column":null}},"line":167},"5":{"name":"wrapLon","decl":{"start":{"line":240,"column":16},"end":{"line":240,"column":24}},"loc":{"start":{"line":240,"column":45},"end":{"line":241,"column":null}},"line":240},"6":{"name":"shortestLonDelta","decl":{"start":{"line":245,"column":16},"end":{"line":245,"column":33}},"loc":{"start":{"line":245,"column":67},"end":{"line":251,"column":null}},"line":245},"7":{"name":"lerpLon","decl":{"start":{"line":255,"column":16},"end":{"line":255,"column":24}},"loc":{"start":{"line":255,"column":69},"end":{"line":257,"column":null}},"line":255},"8":{"name":"lerpLat","decl":{"start":{"line":261,"column":16},"end":{"line":261,"column":24}},"loc":{"start":{"line":261,"column":69},"end":{"line":262,"column":null}},"line":261},"9":{"name":"lerpAltM","decl":{"start":{"line":266,"column":16},"end":{"line":266,"column":25}},"loc":{"start":{"line":266,"column":70},"end":{"line":267,"column":null}},"line":266}},"branchMap":{"0":{"loc":{"start":{"line":50,"column":2},"end":{"line":55,"column":null}},"type":"if","locations":[{"start":{"line":50,"column":2},"end":{"line":55,"column":null}},{"start":{},"end":{}}],"line":50},"1":{"loc":{"start":{"line":51,"column":4},"end":{"line":53,"column":null}},"type":"binary-expr","locations":[{"start":{"line":51,"column":4},"end":{"line":51,"column":null}},{"start":{"line":52,"column":4},"end":{"line":52,"column":null}},{"start":{"line":53,"column":4},"end":{"line":53,"column":null}}],"line":51},"2":{"loc":{"start":{"line":103,"column":12},"end":{"line":103,"column":null}},"type":"binary-expr","locations":[{"start":{"line":103,"column":12},"end":{"line":103,"column":32}},{"start":{"line":103,"column":32},"end":{"line":103,"column":null}}],"line":103},"3":{"loc":{"start":{"line":131,"column":2},"end":{"line":131,"column":null}},"type":"default-arg","locations":[{"start":{"line":131,"column":25},"end":{"line":131,"column":null}}],"line":131},"4":{"loc":{"start":{"line":135,"column":45},"end":{"line":135,"column":64}},"type":"binary-expr","locations":[{"start":{"line":135,"column":45},"end":{"line":135,"column":59}},{"start":{"line":135,"column":59},"end":{"line":135,"column":64}}],"line":135},"5":{"loc":{"start":{"line":182,"column":4},"end":{"line":184,"column":null}},"type":"if","locations":[{"start":{"line":182,"column":4},"end":{"line":184,"column":null}},{"start":{},"end":{}}],"line":182},"6":{"loc":{"start":{"line":182,"column":8},"end":{"line":182,"column":65}},"type":"binary-expr","locations":[{"start":{"line":182,"column":8},"end":{"line":182,"column":23}},{"start":{"line":182,"column":23},"end":{"line":182,"column":65}}],"line":182},"7":{"loc":{"start":{"line":197,"column":4},"end":{"line":213,"column":null}},"type":"if","locations":[{"start":{"line":197,"column":4},"end":{"line":213,"column":null}},{"start":{},"end":{}}],"line":197},"8":{"loc":{"start":{"line":197,"column":8},"end":{"line":197,"column":74}},"type":"binary-expr","locations":[{"start":{"line":197,"column":8},"end":{"line":197,"column":31}},{"start":{"line":197,"column":31},"end":{"line":197,"column":54}},{"start":{"line":197,"column":54},"end":{"line":197,"column":74}}],"line":197},"9":{"loc":{"start":{"line":202,"column":6},"end":{"line":213,"column":null}},"type":"if","locations":[{"start":{"line":202,"column":6},"end":{"line":213,"column":null}},{"start":{},"end":{}}],"line":202},"10":{"loc":{"start":{"line":249,"column":2},"end":{"line":249,"column":null}},"type":"if","locations":[{"start":{"line":249,"column":2},"end":{"line":249,"column":null}},{"start":{},"end":{}}],"line":249},"11":{"loc":{"start":{"line":250,"column":2},"end":{"line":250,"column":null}},"type":"if","locations":[{"start":{"line":250,"column":2},"end":{"line":250,"column":null}},{"start":{},"end":{}}],"line":250}},"s":{"0":1,"1":1,"2":0,"3":1,"4":1,"5":1,"6":1,"7":1,"8":5,"9":5,"10":5,"11":5,"12":2,"13":4,"14":4,"15":1,"16":1,"17":1,"18":1,"19":1,"20":1,"21":1,"22":91,"23":91,"24":91,"25":0,"26":91,"27":91,"28":91,"29":91,"30":91,"31":91,"32":91,"33":90,"34":90,"35":0,"36":0,"37":0,"38":0,"39":91,"40":91,"41":91,"42":91,"43":1,"44":2617,"45":899,"46":899,"47":899,"48":899,"49":95,"50":899,"51":105,"52":899,"53":203,"54":203,"55":3,"56":3},"f":{"0":1,"1":5,"2":2,"3":4,"4":1,"5":2617,"6":899,"7":203,"8":3,"9":3},"b":{"0":[0,1],"1":[1,1,1],"2":[5,1],"3":[2],"4":[4,4],"5":[0,91],"6":[91,91],"7":[90,1],"8":[91,90,90],"9":[0,90],"10":[95,804],"11":[105,794]},"meta":{"lastBranch":12,"lastFunction":10,"lastStatement":57,"seen":{"f:46:16:46:38":0,"s:47:21:47:54":0,"b:50:2:55:Infinity:undefined:undefined:undefined:undefined":0,"s:50:2:55:Infinity":1,"b:51:4:51:Infinity:52:4:52:Infinity:53:4:53:Infinity":1,"s:55:4:55:Infinity":2,"s:59:45:59:Infinity":3,"s:62:15:62:37":4,"s:63:13:63:60":5,"s:66:24:66:74":6,"s:68:2:80:Infinity":7,"f:95:16:95:Infinity":1,"s:100:20:104:Infinity":8,"b:103:12:103:32:103:32:103:Infinity":2,"s:105:14:105:44":9,"s:106:17:106:58":10,"s:108:2:112:Infinity":11,"f:127:16:127:Infinity":2,"b:131:25:131:Infinity":3,"s:133:2:145:Infinity":12,"f:133:18:133:23":3,"s:134:38:137:Infinity":13,"b:135:45:135:59:135:59:135:64":4,"s:139:4:144:Infinity":14,"f:162:16:162:Infinity":4,"s:168:31:168:33":15,"s:171:34:171:Infinity":16,"s:172:34:172:Infinity":17,"s:173:33:173:Infinity":18,"s:175:18:175:37":19,"s:178:2:229:Infinity":20,"s:178:15:178:29":21,"s:179:17:179:47":22,"s:180:23:180:56":23,"b:182:4:184:Infinity:undefined:undefined:undefined:undefined":5,"s:182:4:184:Infinity":24,"b:182:8:182:23:182:23:182:65":6,"s:184:6:184:Infinity":25,"s:187:31:187:Infinity":26,"s:188:17:188:39":27,"s:189:15:189:62":28,"s:192:19:192:54":29,"s:193:19:193:52":30,"s:194:19:194:Infinity":31,"b:197:4:213:Infinity:undefined:undefined:undefined:undefined":7,"s:197:4:213:Infinity":32,"b:197:8:197:31:197:31:197:54:197:54:197:74":8,"s:199:20:199:56":33,"b:202:6:213:Infinity:undefined:undefined:undefined:undefined":9,"s:202:6:213:Infinity":34,"s:203:26:203:58":35,"s:204:26:204:58":36,"s:205:26:205:71":37,"s:207:8:213:Infinity":38,"s:218:4:224:Infinity":39,"s:227:4:227:Infinity":40,"s:228:4:228:Infinity":41,"s:229:4:229:Infinity":42,"s:232:2:232:Infinity":43,"f:240:16:240:24":5,"s:241:2:241:Infinity":44,"f:245:16:245:33":6,"s:246:12:246:25":45,"s:247:12:247:23":46,"s:248:10:248:Infinity":47,"b:249:2:249:Infinity:undefined:undefined:undefined:undefined":10,"s:249:2:249:Infinity":48,"s:249:16:249:Infinity":49,"b:250:2:250:Infinity:undefined:undefined:undefined:undefined":11,"s:250:2:250:Infinity":50,"s:250:16:250:Infinity":51,"s:251:2:251:Infinity":52,"f:255:16:255:24":7,"s:256:12:256:38":53,"s:257:2:257:Infinity":54,"f:261:16:261:24":8,"s:262:2:262:Infinity":55,"f:266:16:266:25":9,"s:267:2:267:Infinity":56}}}
,"/Users/shimodasota/sistems/my-iss-tracker/src/utils/stationEvents.ts": {"path":"/Users/shimodasota/sistems/my-iss-tracker/src/utils/stationEvents.ts","statementMap":{"0":{"start":{"line":20,"column":43},"end":{"line":20,"column":45}},"1":{"start":{"line":21,"column":67},"end":{"line":21,"column":69}},"2":{"start":{"line":23,"column":2},"end":{"line":37,"column":null}},"3":{"start":{"line":24,"column":17},"end":{"line":24,"column":null}},"4":{"start":{"line":25,"column":16},"end":{"line":25,"column":null}},"5":{"start":{"line":26,"column":4},"end":{"line":26,"column":null}},"6":{"start":{"line":28,"column":4},"end":{"line":37,"column":null}},"7":{"start":{"line":29,"column":6},"end":{"line":37,"column":null}},"8":{"start":{"line":40,"column":2},"end":{"line":40,"column":null}}},"fnMap":{"0":{"name":"diffStationAos","decl":{"start":{"line":15,"column":16},"end":{"line":15,"column":null}},"loc":{"start":{"line":19,"column":79},"end":{"line":40,"column":null}},"line":19}},"branchMap":{"0":{"loc":{"start":{"line":28,"column":4},"end":{"line":37,"column":null}},"type":"if","locations":[{"start":{"line":28,"column":4},"end":{"line":37,"column":null}},{"start":{},"end":{}}],"line":28},"1":{"loc":{"start":{"line":28,"column":8},"end":{"line":28,"column":51}},"type":"binary-expr","locations":[{"start":{"line":28,"column":8},"end":{"line":28,"column":37}},{"start":{"line":28,"column":37},"end":{"line":28,"column":51}}],"line":28},"2":{"loc":{"start":{"line":32,"column":16},"end":{"line":32,"column":null}},"type":"cond-expr","locations":[{"start":{"line":32,"column":22},"end":{"line":32,"column":30}},{"start":{"line":32,"column":30},"end":{"line":32,"column":null}}],"line":32}},"s":{"0":4,"1":4,"2":4,"3":7,"4":7,"5":7,"6":7,"7":3,"8":4},"f":{"0":4},"b":{"0":[3,4],"1":[7,5],"2":[2,1]},"meta":{"lastBranch":3,"lastFunction":1,"lastStatement":9,"seen":{"f:15:16:15:Infinity":0,"s:20:43:20:45":0,"s:21:67:21:69":1,"s:23:2:37:Infinity":2,"s:24:17:24:Infinity":3,"s:25:16:25:Infinity":4,"s:26:4:26:Infinity":5,"b:28:4:37:Infinity:undefined:undefined:undefined:undefined":0,"s:28:4:37:Infinity":6,"b:28:8:28:37:28:37:28:51":1,"s:29:6:37:Infinity":7,"b:32:22:32:30:32:30:32:Infinity":2,"s:40:2:40:Infinity":8}}}
,"/Users/shimodasota/sistems/my-iss-tracker/src/utils/stationRanking.ts": {"path":"/Users/shimodasota/sistems/my-iss-tracker/src/utils/stationRanking.ts","statementMap":{"0":{"start":{"line":20,"column":69},"end":{"line":20,"column":71}},"1":{"start":{"line":22,"column":2},"end":{"line":24,"column":null}},"2":{"start":{"line":23,"column":14},"end":{"line":23,"column":null}},"3":{"start":{"line":24,"column":4},"end":{"line":24,"column":null}},"4":{"start":{"line":24,"column":11},"end":{"line":24,"column":null}},"5":{"start":{"line":27,"column":2},"end":{"line":38,"column":null}},"6":{"start":{"line":29,"column":15},"end":{"line":29,"column":null}},"7":{"start":{"line":30,"column":4},"end":{"line":30,"column":null}},"8":{"start":{"line":30,"column":18},"end":{"line":30,"column":null}},"9":{"start":{"line":33,"column":10},"end":{"line":33,"column":null}},"10":{"start":{"line":34,"column":4},"end":{"line":34,"column":null}},"11":{"start":{"line":34,"column":18},"end":{"line":34,"column":null}},"12":{"start":{"line":37,"column":4},"end":{"line":37,"column":null}},"13":{"start":{"line":40,"column":2},"end":{"line":41,"column":null}},"14":{"start":{"line":41,"column":4},"end":{"line":41,"column":null}},"15":{"start":{"line":43,"column":2},"end":{"line":43,"column":null}}},"fnMap":{"0":{"name":"rankStationsByElevation","decl":{"start":{"line":15,"column":16},"end":{"line":15,"column":null}},"loc":{"start":{"line":19,"column":56},"end":{"line":43,"column":null}},"line":19},"1":{"name":"(anonymous_1)","decl":{"start":{"line":27,"column":7},"end":{"line":27,"column":13}},"loc":{"start":{"line":27,"column":22},"end":{"line":38,"column":null}},"line":27}},"branchMap":{"0":{"loc":{"start":{"line":24,"column":4},"end":{"line":24,"column":null}},"type":"if","locations":[{"start":{"line":24,"column":4},"end":{"line":24,"column":null}},{"start":{},"end":{}}],"line":24},"1":{"loc":{"start":{"line":30,"column":4},"end":{"line":30,"column":null}},"type":"if","locations":[{"start":{"line":30,"column":4},"end":{"line":30,"column":null}},{"start":{},"end":{}}],"line":30},"2":{"loc":{"start":{"line":33,"column":16},"end":{"line":33,"column":60}},"type":"binary-expr","locations":[{"start":{"line":33,"column":16},"end":{"line":33,"column":31}},{"start":{"line":33,"column":31},"end":{"line":33,"column":60}}],"line":33},"3":{"loc":{"start":{"line":33,"column":60},"end":{"line":33,"column":null}},"type":"binary-expr","locations":[{"start":{"line":33,"column":60},"end":{"line":33,"column":75}},{"start":{"line":33,"column":75},"end":{"line":33,"column":null}}],"line":33},"4":{"loc":{"start":{"line":34,"column":4},"end":{"line":34,"column":null}},"type":"if","locations":[{"start":{"line":34,"column":4},"end":{"line":34,"column":null}},{"start":{},"end":{}}],"line":34},"5":{"loc":{"start":{"line":40,"column":2},"end":{"line":41,"column":null}},"type":"if","locations":[{"start":{"line":40,"column":2},"end":{"line":41,"column":null}},{"start":{},"end":{}}],"line":40},"6":{"loc":{"start":{"line":40,"column":6},"end":{"line":40,"column":65}},"type":"binary-expr","locations":[{"start":{"line":40,"column":6},"end":{"line":40,"column":21}},{"start":{"line":40,"column":21},"end":{"line":40,"column":39}},{"start":{"line":40,"column":39},"end":{"line":40,"column":65}}],"line":40}},"s":{"0":9,"1":9,"2":24,"3":24,"4":18,"5":9,"6":17,"7":17,"8":11,"9":6,"10":17,"11":4,"12":2,"13":9,"14":1,"15":8},"f":{"0":9,"1":17},"b":{"0":[18,6],"1":[11,6],"2":[6,0],"3":[17,0],"4":[4,13],"5":[1,8],"6":[9,2,2]},"meta":{"lastBranch":7,"lastFunction":2,"lastStatement":16,"seen":{"f:15:16:15:Infinity":0,"s:20:69:20:71":0,"s:22:2:24:Infinity":1,"s:23:14:23:Infinity":2,"b:24:4:24:Infinity:undefined:undefined:undefined:undefined":0,"s:24:4:24:Infinity":3,"s:24:11:24:Infinity":4,"s:27:2:38:Infinity":5,"f:27:7:27:13":1,"s:29:15:29:Infinity":6,"b:30:4:30:Infinity:undefined:undefined:undefined:undefined":1,"s:30:4:30:Infinity":7,"s:30:18:30:Infinity":8,"s:33:10:33:Infinity":9,"b:33:16:33:31:33:31:33:60":2,"b:33:60:33:75:33:75:33:Infinity":3,"b:34:4:34:Infinity:undefined:undefined:undefined:undefined":4,"s:34:4:34:Infinity":10,"s:34:18:34:Infinity":11,"s:37:4:37:Infinity":12,"b:40:2:41:Infinity:undefined:undefined:undefined:undefined":5,"s:40:2:41:Infinity":13,"b:40:6:40:21:40:21:40:39:40:39:40:65":6,"s:41:4:41:Infinity":14,"s:43:2:43:Infinity":15}}}
}
